[0.010s] Invoking command in '/home/walrus/Ultima/build/camera_lite': CMAKE_PREFIX_PATH=${CMAKE_PREFIX_PATH}:/opt/ros/humble /usr/bin/cmake /home/walrus/Ultima/src/camera_lite -DCMAKE_INSTALL_PREFIX=/home/walrus/Ultima/install/camera_lite
[0.018s] -- Found ament_cmake: 1.3.2 (/opt/ros/humble/share/ament_cmake/cmake)
[0.131s] -- Found rclcpp: 16.0.1 (/opt/ros/humble/share/rclcpp/cmake)
[0.158s] -- Found rosidl_generator_c: 3.1.3 (/opt/ros/humble/share/rosidl_generator_c/cmake)
[0.159s] -- Found rosidl_adapter: 3.1.3 (/opt/ros/humble/share/rosidl_adapter/cmake)
[0.163s] -- Found rosidl_generator_cpp: 3.1.3 (/opt/ros/humble/share/rosidl_generator_cpp/cmake)
[0.170s] -- Using all available rosidl_typesupport_c: rosidl_typesupport_fastrtps_c;rosidl_typesupport_introspection_c
[0.180s] -- Using all available rosidl_typesupport_cpp: rosidl_typesupport_fastrtps_cpp;rosidl_typesupport_introspection_cpp
[0.218s] -- Found rmw_implementation_cmake: 6.1.0 (/opt/ros/humble/share/rmw_implementation_cmake/cmake)
[0.219s] -- Found rmw_fastrtps_cpp: 6.2.1 (/opt/ros/humble/share/rmw_fastrtps_cpp/cmake)
[0.296s] -- Using RMW implementation 'rmw_fastrtps_cpp' as default
[0.400s] -- Found sensor_msgs: 4.2.2 (/opt/ros/humble/share/sensor_msgs/cmake)
[0.486s] -- Found cv_bridge: 3.2.1 (/opt/ros/humble/share/cv_bridge/cmake)
[0.491s] -- Found camera_lite_interfaces: 1.0.0 (/home/walrus/Ultima/install/camera_lite_interfaces/share/camera_lite_interfaces/cmake)
[0.560s] -- Configuring done
[0.570s] -- Generating done
[0.571s] -- Build files have been written to: /home/walrus/Ultima/build/camera_lite
[0.576s] Invoked command in '/home/walrus/Ultima/build/camera_lite' returned '0': CMAKE_PREFIX_PATH=${CMAKE_PREFIX_PATH}:/opt/ros/humble /usr/bin/cmake /home/walrus/Ultima/src/camera_lite -DCMAKE_INSTALL_PREFIX=/home/walrus/Ultima/install/camera_lite
[0.578s] Invoking command in '/home/walrus/Ultima/build/camera_lite': CMAKE_PREFIX_PATH=${CMAKE_PREFIX_PATH}:/opt/ros/humble /usr/bin/cmake --build /home/walrus/Ultima/build/camera_lite -- -j8 -l8
[0.610s] [ 50%] [32mBuilding CXX object CMakeFiles/picture_node.dir/src/picture_node.cpp.o[0m
[0.610s] [ 50%] [32mBuilding CXX object CMakeFiles/camera_node.dir/src/camera_node.cpp.o[0m
[0.791s] [01m[K/home/walrus/Ultima/src/camera_lite/src/picture_node.cpp:33:10:[m[K [01;31m[Kfatal error: [m[Kimage_transport/image_transport.hpp: No such file or directory
[0.791s]    33 | #include [01;31m[K<image_transport/image_transport.hpp>[m[K
[0.791s]       |          [01;31m[K^~~~~~~~~~~~~~~~~~~~~~~~~~~~~~~~~~~~~[m[K
[0.791s] compilation terminated.
[0.793s] gmake[2]: *** [CMakeFiles/picture_node.dir/build.make:76: CMakeFiles/picture_node.dir/src/picture_node.cpp.o] Error 1
[0.793s] gmake[1]: *** [CMakeFiles/Makefile2:165: CMakeFiles/picture_node.dir/all] Error 2
[0.793s] gmake[1]: *** Waiting for unfinished jobs....
[4.638s] [ 75%] [32m[1mLinking CXX executable camera_node[0m
[5.164s] [ 75%] Built target camera_node
[5.165s] gmake: *** [Makefile:146: all] Error 2
[5.167s] Invoked command in '/home/walrus/Ultima/build/camera_lite' returned '2': CMAKE_PREFIX_PATH=${CMAKE_PREFIX_PATH}:/opt/ros/humble /usr/bin/cmake --build /home/walrus/Ultima/build/camera_lite -- -j8 -l8
