[ 25%] [32mBuilding CXX object CMakeFiles/camera_node.dir/src/camera_node.cpp.o[0m
[ 75%] Built target picture_node
[100%] [32m[1mLinking CXX executable camera_node[0m
[100%] Built target camera_node
-- Install configuration: ""
-- Installing: /home/walrus/Ultima/install/camera_lite/lib/camera_lite/camera_node
-- Set runtime path of "/home/walrus/Ultima/install/camera_lite/lib/camera_lite/camera_node" to ""
-- Up-to-date: /home/walrus/Ultima/install/camera_lite/lib/camera_lite/picture_node
-- Up-to-date: /home/walrus/Ultima/install/camera_lite/share/camera_lite/launch
-- Up-to-date: /home/walrus/Ultima/install/camera_lite/share/camera_lite/launch/camera.launch.py
-- Installing: /home/walrus/Ultima/install/camera_lite/share/camera_lite/launch/__pycache__
-- Installing: /home/walrus/Ultima/install/camera_lite/share/camera_lite/launch/__pycache__/camera.launch.cpython-310.pyc
-- Up-to-date: /home/walrus/Ultima/install/camera_lite/share/ament_index/resource_index/package_run_dependencies/camera_lite
-- Up-to-date: /home/walrus/Ultima/install/camera_lite/share/ament_index/resource_index/parent_prefix_path/camera_lite
-- Up-to-date: /home/walrus/Ultima/install/camera_lite/share/camera_lite/environment/ament_prefix_path.sh
-- Up-to-date: /home/walrus/Ultima/install/camera_lite/share/camera_lite/environment/ament_prefix_path.dsv
-- Up-to-date: /home/walrus/Ultima/install/camera_lite/share/camera_lite/environment/path.sh
-- Up-to-date: /home/walrus/Ultima/install/camera_lite/share/camera_lite/environment/path.dsv
-- Up-to-date: /home/walrus/Ultima/install/camera_lite/share/camera_lite/local_setup.bash
-- Up-to-date: /home/walrus/Ultima/install/camera_lite/share/camera_lite/local_setup.sh
-- Up-to-date: /home/walrus/Ultima/install/camera_lite/share/camera_lite/local_setup.zsh
-- Up-to-date: /home/walrus/Ultima/install/camera_lite/share/camera_lite/local_setup.dsv
-- Installing: /home/walrus/Ultima/install/camera_lite/share/camera_lite/package.dsv
-- Up-to-date: /home/walrus/Ultima/install/camera_lite/share/ament_index/resource_index/packages/camera_lite
-- Up-to-date: /home/walrus/Ultima/install/camera_lite/share/camera_lite/cmake/camera_liteConfig.cmake
-- Up-to-date: /home/walrus/Ultima/install/camera_lite/share/camera_lite/cmake/camera_liteConfig-version.cmake
-- Up-to-date: /home/walrus/Ultima/install/camera_lite/share/camera_lite/package.xml
