[  3%] Built target camera_lite_interfaces__cpp
[ 12%] Built target camera_lite_interfaces__rosidl_generator_c
[ 12%] Built target ament_cmake_python_copy_camera_lite_interfaces
[ 22%] Built target camera_lite_interfaces__rosidl_typesupport_cpp
[ 38%] Built target camera_lite_interfaces__rosidl_typesupport_fastrtps_cpp
[ 41%] Built target camera_lite_interfaces__rosidl_typesupport_introspection_cpp
[ 51%] Built target camera_lite_interfaces__rosidl_typesupport_fastrtps_c
[ 61%] Built target camera_lite_interfaces__rosidl_typesupport_c
[ 70%] Built target camera_lite_interfaces__rosidl_typesupport_introspection_c
[ 70%] Built target camera_lite_interfaces
[ 74%] Built target camera_lite_interfaces__py
[ 80%] Built target camera_lite_interfaces__rosidl_generator_py
[ 87%] Built target camera_lite_interfaces__rosidl_typesupport_c__pyext
[ 93%] Built target camera_lite_interfaces__rosidl_typesupport_fastrtps_c__pyext
[100%] Built target camera_lite_interfaces__rosidl_typesupport_introspection_c__pyext
running egg_info
writing camera_lite_interfaces.egg-info/PKG-INFO
writing dependency_links to camera_lite_interfaces.egg-info/dependency_links.txt
writing top-level names to camera_lite_interfaces.egg-info/top_level.txt
reading manifest file 'camera_lite_interfaces.egg-info/SOURCES.txt'
writing manifest file 'camera_lite_interfaces.egg-info/SOURCES.txt'
[100%] Built target ament_cmake_python_build_camera_lite_interfaces_egg
