[0.010s] Invoking command in '/home/walrus/Ultima/build/camera_lite_interfaces': CMAKE_PREFIX_PATH=${CMAKE_PREFIX_PATH}:/opt/ros/humble /usr/bin/cmake --build /home/walrus/Ultima/build/camera_lite_interfaces -- -j8 -l8
[0.038s] [  3%] Built target camera_lite_interfaces__cpp
[0.043s] [ 12%] Built target camera_lite_interfaces__rosidl_generator_c
[0.045s] [ 12%] Built target ament_cmake_python_copy_camera_lite_interfaces
[0.056s] [ 22%] Built target camera_lite_interfaces__rosidl_typesupport_cpp
[0.058s] [ 38%] Built target camera_lite_interfaces__rosidl_typesupport_fastrtps_cpp
[0.058s] [ 41%] Built target camera_lite_interfaces__rosidl_typesupport_introspection_cpp
[0.061s] [ 51%] Built target camera_lite_interfaces__rosidl_typesupport_fastrtps_c
[0.062s] [ 61%] Built target camera_lite_interfaces__rosidl_typesupport_c
[0.062s] [ 70%] Built target camera_lite_interfaces__rosidl_typesupport_introspection_c
[0.074s] [ 70%] Built target camera_lite_interfaces
[0.087s] [ 74%] Built target camera_lite_interfaces__py
[0.100s] [ 80%] Built target camera_lite_interfaces__rosidl_generator_py
[0.114s] [ 87%] Built target camera_lite_interfaces__rosidl_typesupport_c__pyext
[0.115s] [ 93%] Built target camera_lite_interfaces__rosidl_typesupport_fastrtps_c__pyext
[0.115s] [100%] Built target camera_lite_interfaces__rosidl_typesupport_introspection_c__pyext
[0.212s] running egg_info
[0.212s] writing camera_lite_interfaces.egg-info/PKG-INFO
[0.212s] writing dependency_links to camera_lite_interfaces.egg-info/dependency_links.txt
[0.212s] writing top-level names to camera_lite_interfaces.egg-info/top_level.txt
[0.214s] reading manifest file 'camera_lite_interfaces.egg-info/SOURCES.txt'
[0.214s] writing manifest file 'camera_lite_interfaces.egg-info/SOURCES.txt'
[0.233s] [100%] Built target ament_cmake_python_build_camera_lite_interfaces_egg
