[ 25%] [32mBuilding CXX object CMakeFiles/picture_node.dir/src/picture_node.cpp.o[0m
[ 75%] Built target camera_node
[100%] [32m[1mLinking CXX executable picture_node[0m
[100%] Built target picture_node
-- Install configuration: ""
-- Installing: /home/walrus/Ultima/install/camera_lite/lib/camera_lite/camera_node
-- Set runtime path of "/home/walrus/Ultima/install/camera_lite/lib/camera_lite/camera_node" to ""
-- Installing: /home/walrus/Ultima/install/camera_lite/lib/camera_lite/picture_node
-- Set runtime path of "/home/walrus/Ultima/install/camera_lite/lib/camera_lite/picture_node" to ""
-- Installing: /home/walrus/Ultima/install/camera_lite/share/camera_lite/launch
-- Installing: /home/walrus/Ultima/install/camera_lite/share/camera_lite/launch/camera.launch.py
-- Installing: /home/walrus/Ultima/install/camera_lite/share/ament_index/resource_index/package_run_dependencies/camera_lite
-- Installing: /home/walrus/Ultima/install/camera_lite/share/ament_index/resource_index/parent_prefix_path/camera_lite
-- Installing: /home/walrus/Ultima/install/camera_lite/share/camera_lite/environment/ament_prefix_path.sh
-- Installing: /home/walrus/Ultima/install/camera_lite/share/camera_lite/environment/ament_prefix_path.dsv
-- Installing: /home/walrus/Ultima/install/camera_lite/share/camera_lite/environment/path.sh
-- Installing: /home/walrus/Ultima/install/camera_lite/share/camera_lite/environment/path.dsv
-- Installing: /home/walrus/Ultima/install/camera_lite/share/camera_lite/local_setup.bash
-- Installing: /home/walrus/Ultima/install/camera_lite/share/camera_lite/local_setup.sh
-- Installing: /home/walrus/Ultima/install/camera_lite/share/camera_lite/local_setup.zsh
-- Installing: /home/walrus/Ultima/install/camera_lite/share/camera_lite/local_setup.dsv
-- Installing: /home/walrus/Ultima/install/camera_lite/share/camera_lite/package.dsv
-- Installing: /home/walrus/Ultima/install/camera_lite/share/ament_index/resource_index/packages/camera_lite
-- Installing: /home/walrus/Ultima/install/camera_lite/share/camera_lite/cmake/camera_liteConfig.cmake
-- Installing: /home/walrus/Ultima/install/camera_lite/share/camera_lite/cmake/camera_liteConfig-version.cmake
-- Installing: /home/walrus/Ultima/install/camera_lite/share/camera_lite/package.xml
