[0.013s] Invoking command in '/home/walrus/Ultima/build/camera_lite': CMAKE_PREFIX_PATH=${CMAKE_PREFIX_PATH}:/opt/ros/humble /usr/bin/cmake --build /home/walrus/Ultima/build/camera_lite -- -j8 -l8
[0.047s] [ 25%] [32mBuilding CXX object CMakeFiles/picture_node.dir/src/picture_node.cpp.o[0m
[0.051s] [ 75%] Built target camera_node
[7.043s] [100%] [32m[1mLinking CXX executable picture_node[0m
[7.566s] [100%] Built target picture_node
[7.572s] Invoked command in '/home/walrus/Ultima/build/camera_lite' returned '0': CMAKE_PREFIX_PATH=${CMAKE_PREFIX_PATH}:/opt/ros/humble /usr/bin/cmake --build /home/walrus/Ultima/build/camera_lite -- -j8 -l8
[7.588s] Invoking command in '/home/walrus/Ultima/build/camera_lite': CMAKE_PREFIX_PATH=${CMAKE_PREFIX_PATH}:/opt/ros/humble /usr/bin/cmake --install /home/walrus/Ultima/build/camera_lite
[7.593s] -- Install configuration: ""
[7.593s] -- Installing: /home/walrus/Ultima/install/camera_lite/lib/camera_lite/camera_node
[7.594s] -- Set runtime path of "/home/walrus/Ultima/install/camera_lite/lib/camera_lite/camera_node" to ""
[7.594s] -- Installing: /home/walrus/Ultima/install/camera_lite/lib/camera_lite/picture_node
[7.596s] -- Set runtime path of "/home/walrus/Ultima/install/camera_lite/lib/camera_lite/picture_node" to ""
[7.596s] -- Installing: /home/walrus/Ultima/install/camera_lite/share/camera_lite/launch
[7.596s] -- Installing: /home/walrus/Ultima/install/camera_lite/share/camera_lite/launch/camera.launch.py
[7.596s] -- Installing: /home/walrus/Ultima/install/camera_lite/share/ament_index/resource_index/package_run_dependencies/camera_lite
[7.596s] -- Installing: /home/walrus/Ultima/install/camera_lite/share/ament_index/resource_index/parent_prefix_path/camera_lite
[7.596s] -- Installing: /home/walrus/Ultima/install/camera_lite/share/camera_lite/environment/ament_prefix_path.sh
[7.596s] -- Installing: /home/walrus/Ultima/install/camera_lite/share/camera_lite/environment/ament_prefix_path.dsv
[7.596s] -- Installing: /home/walrus/Ultima/install/camera_lite/share/camera_lite/environment/path.sh
[7.596s] -- Installing: /home/walrus/Ultima/install/camera_lite/share/camera_lite/environment/path.dsv
[7.596s] -- Installing: /home/walrus/Ultima/install/camera_lite/share/camera_lite/local_setup.bash
[7.596s] -- Installing: /home/walrus/Ultima/install/camera_lite/share/camera_lite/local_setup.sh
[7.596s] -- Installing: /home/walrus/Ultima/install/camera_lite/share/camera_lite/local_setup.zsh
[7.597s] -- Installing: /home/walrus/Ultima/install/camera_lite/share/camera_lite/local_setup.dsv
[7.597s] -- Installing: /home/walrus/Ultima/install/camera_lite/share/camera_lite/package.dsv
[7.597s] -- Installing: /home/walrus/Ultima/install/camera_lite/share/ament_index/resource_index/packages/camera_lite
[7.597s] -- Installing: /home/walrus/Ultima/install/camera_lite/share/camera_lite/cmake/camera_liteConfig.cmake
[7.597s] -- Installing: /home/walrus/Ultima/install/camera_lite/share/camera_lite/cmake/camera_liteConfig-version.cmake
[7.597s] -- Installing: /home/walrus/Ultima/install/camera_lite/share/camera_lite/package.xml
[7.599s] Invoked command in '/home/walrus/Ultima/build/camera_lite' returned '0': CMAKE_PREFIX_PATH=${CMAKE_PREFIX_PATH}:/opt/ros/humble /usr/bin/cmake --install /home/walrus/Ultima/build/camera_lite
