[0.007s] Invoking command in '/home/walrus/Ultima/build/camera_lite': CMAKE_PREFIX_PATH=/opt/ros/humble /usr/bin/cmake /home/walrus/Ultima/src/camera_lite -DCMAKE_INSTALL_PREFIX=/home/walrus/Ultima/install/camera_lite
[0.042s] -- The C compiler identification is GNU 11.2.0
[0.076s] -- The CXX compiler identification is GNU 11.2.0
[0.081s] -- Detecting C compiler ABI info
[0.123s] -- Detecting C compiler ABI info - done
[0.129s] -- Check for working C compiler: /usr/bin/cc - skipped
[0.129s] -- Detecting C compile features
[0.129s] -- Detecting C compile features - done
[0.131s] -- Detecting CXX compiler ABI info
[0.193s] -- Detecting CXX compiler ABI info - done
[0.198s] -- Check for working CXX compiler: /usr/bin/c++ - skipped
[0.198s] -- Detecting CXX compile features
[0.198s] -- Detecting CXX compile features - done
[0.200s] -- Found ament_cmake: 1.3.2 (/opt/ros/humble/share/ament_cmake/cmake)
[0.307s] -- Found Python3: /usr/bin/python3.10 (found version "3.10.6") found components: Interpreter 
[0.381s] -- Found rclcpp: 16.0.1 (/opt/ros/humble/share/rclcpp/cmake)
[0.619s] -- Found rosidl_generator_c: 3.1.3 (/opt/ros/humble/share/rosidl_generator_c/cmake)
[0.622s] -- Found rosidl_adapter: 3.1.3 (/opt/ros/humble/share/rosidl_adapter/cmake)
[0.627s] -- Found rosidl_generator_cpp: 3.1.3 (/opt/ros/humble/share/rosidl_generator_cpp/cmake)
[0.635s] -- Using all available rosidl_typesupport_c: rosidl_typesupport_fastrtps_c;rosidl_typesupport_introspection_c
[0.646s] -- Using all available rosidl_typesupport_cpp: rosidl_typesupport_fastrtps_cpp;rosidl_typesupport_introspection_cpp
[0.910s] -- Found rmw_implementation_cmake: 6.1.0 (/opt/ros/humble/share/rmw_implementation_cmake/cmake)
[0.918s] -- Found rmw_fastrtps_cpp: 6.2.1 (/opt/ros/humble/share/rmw_fastrtps_cpp/cmake)
[1.341s] -- Found OpenSSL: /usr/lib/x86_64-linux-gnu/libcrypto.so (found version "3.0.2")  
[1.399s] -- Found FastRTPS: /opt/ros/humble/include  
[1.429s] -- Using RMW implementation 'rmw_fastrtps_cpp' as default
[1.834s] -- Found sensor_msgs: 4.2.2 (/opt/ros/humble/share/sensor_msgs/cmake)
[2.257s] -- Found OpenCV: /usr (found suitable version "4.5.4", minimum required is "4.2.0") 
[2.270s] -- Found cv_bridge: 3.2.1 (/opt/ros/humble/share/cv_bridge/cmake)
[2.314s] [31mCMake Error at CMakeLists.txt:24 (find_package):
[2.314s]   By not providing "Findcamera_lite_interfaces.cmake" in CMAKE_MODULE_PATH
[2.314s]   this project has asked CMake to find a package configuration file provided
[2.314s]   by "camera_lite_interfaces", but CMake did not find one.
[2.314s] 
[2.314s]   Could not find a package configuration file provided by
[2.314s]   "camera_lite_interfaces" with any of the following names:
[2.315s] 
[2.315s]     camera_lite_interfacesConfig.cmake
[2.315s]     camera_lite_interfaces-config.cmake
[2.315s] 
[2.315s]   Add the installation prefix of "camera_lite_interfaces" to
[2.315s]   CMAKE_PREFIX_PATH or set "camera_lite_interfaces_DIR" to a directory
[2.315s]   containing one of the above files.  If "camera_lite_interfaces" provides a
[2.315s]   separate development package or SDK, be sure it has been installed.
[2.315s] 
[2.315s] [0m
[2.315s] -- Configuring incomplete, errors occurred!
[2.315s] See also "/home/walrus/Ultima/build/camera_lite/CMakeFiles/CMakeOutput.log".
[2.321s] Invoked command in '/home/walrus/Ultima/build/camera_lite' returned '1': CMAKE_PREFIX_PATH=/opt/ros/humble /usr/bin/cmake /home/walrus/Ultima/src/camera_lite -DCMAKE_INSTALL_PREFIX=/home/walrus/Ultima/install/camera_lite
