[0.008s] Invoking command in '/home/walrus/Ultima/build/camera_lite': CMAKE_PREFIX_PATH=/opt/ros/humble /usr/bin/cmake /home/walrus/Ultima/src/camera_lite -DCMAKE_INSTALL_PREFIX=/home/walrus/Ultima/install/camera_lite
[0.015s] -- Found ament_cmake: 1.3.2 (/opt/ros/humble/share/ament_cmake/cmake)
[0.105s] -- Found rclcpp: 16.0.1 (/opt/ros/humble/share/rclcpp/cmake)
[0.125s] -- Found rosidl_generator_c: 3.1.3 (/opt/ros/humble/share/rosidl_generator_c/cmake)
[0.126s] -- Found rosidl_adapter: 3.1.3 (/opt/ros/humble/share/rosidl_adapter/cmake)
[0.130s] -- Found rosidl_generator_cpp: 3.1.3 (/opt/ros/humble/share/rosidl_generator_cpp/cmake)
[0.137s] -- Using all available rosidl_typesupport_c: rosidl_typesupport_fastrtps_c;rosidl_typesupport_introspection_c
[0.147s] -- Using all available rosidl_typesupport_cpp: rosidl_typesupport_fastrtps_cpp;rosidl_typesupport_introspection_cpp
[0.185s] -- Found rmw_implementation_cmake: 6.1.0 (/opt/ros/humble/share/rmw_implementation_cmake/cmake)
[0.186s] -- Found rmw_fastrtps_cpp: 6.2.1 (/opt/ros/humble/share/rmw_fastrtps_cpp/cmake)
[0.256s] -- Using RMW implementation 'rmw_fastrtps_cpp' as default
[0.356s] -- Found sensor_msgs: 4.2.2 (/opt/ros/humble/share/sensor_msgs/cmake)
[0.442s] -- Found cv_bridge: 3.2.1 (/opt/ros/humble/share/cv_bridge/cmake)
[0.452s] [31mCMake Error at CMakeLists.txt:24 (find_package):
[0.452s]   By not providing "Findcamera_lite_interfaces.cmake" in CMAKE_MODULE_PATH
[0.452s]   this project has asked CMake to find a package configuration file provided
[0.452s]   by "camera_lite_interfaces", but CMake did not find one.
[0.452s] 
[0.452s]   Could not find a package configuration file provided by
[0.452s]   "camera_lite_interfaces" with any of the following names:
[0.452s] 
[0.452s]     camera_lite_interfacesConfig.cmake
[0.452s]     camera_lite_interfaces-config.cmake
[0.452s] 
[0.452s]   Add the installation prefix of "camera_lite_interfaces" to
[0.452s]   CMAKE_PREFIX_PATH or set "camera_lite_interfaces_DIR" to a directory
[0.452s]   containing one of the above files.  If "camera_lite_interfaces" provides a
[0.452s]   separate development package or SDK, be sure it has been installed.
[0.452s] 
[0.452s] [0m
[0.452s] -- Configuring incomplete, errors occurred!
[0.452s] See also "/home/walrus/Ultima/build/camera_lite/CMakeFiles/CMakeOutput.log".
[0.456s] Invoked command in '/home/walrus/Ultima/build/camera_lite' returned '1': CMAKE_PREFIX_PATH=/opt/ros/humble /usr/bin/cmake /home/walrus/Ultima/src/camera_lite -DCMAKE_INSTALL_PREFIX=/home/walrus/Ultima/install/camera_lite
