[0.011s] Invoking command in '/home/walrus/Ultima/build/camera_lite_interfaces': CMAKE_PREFIX_PATH=${CMAKE_PREFIX_PATH}:/opt/ros/humble /usr/bin/cmake --build /home/walrus/Ultima/build/camera_lite_interfaces -- -j8 -l8
[0.040s] [  3%] Built target camera_lite_interfaces__cpp
[0.040s] [ 12%] Built target camera_lite_interfaces__rosidl_generator_c
[0.050s] [ 12%] Built target ament_cmake_python_copy_camera_lite_interfaces
[0.058s] [ 22%] Built target camera_lite_interfaces__rosidl_typesupport_cpp
[0.058s] [ 32%] Built target camera_lite_interfaces__rosidl_typesupport_introspection_c
[0.058s] [ 41%] Built target camera_lite_interfaces__rosidl_typesupport_c
[0.063s] [ 51%] Built target camera_lite_interfaces__rosidl_typesupport_fastrtps_c
[0.064s] [ 61%] Built target camera_lite_interfaces__rosidl_typesupport_introspection_cpp
[0.066s] [ 70%] Built target camera_lite_interfaces__rosidl_typesupport_fastrtps_cpp
[0.080s] [ 70%] Built target camera_lite_interfaces
[0.095s] [ 74%] Built target camera_lite_interfaces__py
[0.109s] [ 80%] Built target camera_lite_interfaces__rosidl_generator_py
[0.123s] [ 87%] Built target camera_lite_interfaces__rosidl_typesupport_introspection_c__pyext
[0.123s] [ 93%] Built target camera_lite_interfaces__rosidl_typesupport_c__pyext
[0.127s] [100%] Built target camera_lite_interfaces__rosidl_typesupport_fastrtps_c__pyext
[0.211s] running egg_info
[0.212s] writing camera_lite_interfaces.egg-info/PKG-INFO
[0.212s] writing dependency_links to camera_lite_interfaces.egg-info/dependency_links.txt
[0.212s] writing top-level names to camera_lite_interfaces.egg-info/top_level.txt
[0.214s] reading manifest file 'camera_lite_interfaces.egg-info/SOURCES.txt'
[0.214s] writing manifest file 'camera_lite_interfaces.egg-info/SOURCES.txt'
[0.235s] [100%] Built target ament_cmake_python_build_camera_lite_interfaces_egg
[0.243s] Invoked command in '/home/walrus/Ultima/build/camera_lite_interfaces' returned '0': CMAKE_PREFIX_PATH=${CMAKE_PREFIX_PATH}:/opt/ros/humble /usr/bin/cmake --build /home/walrus/Ultima/build/camera_lite_interfaces -- -j8 -l8
[0.277s] Invoking command in '/home/walrus/Ultima/build/camera_lite_interfaces': CMAKE_PREFIX_PATH=${CMAKE_PREFIX_PATH}:/opt/ros/humble /usr/bin/cmake --install /home/walrus/Ultima/build/camera_lite_interfaces
[0.282s] -- Install configuration: ""
[0.282s] -- Up-to-date: /home/walrus/Ultima/install/camera_lite_interfaces/share/ament_index/resource_index/rosidl_interfaces/camera_lite_interfaces
[0.282s] -- Up-to-date: /home/walrus/Ultima/install/camera_lite_interfaces/include/camera_lite_interfaces/camera_lite_interfaces
[0.282s] -- Up-to-date: /home/walrus/Ultima/install/camera_lite_interfaces/include/camera_lite_interfaces/camera_lite_interfaces/msg
[0.282s] -- Up-to-date: /home/walrus/Ultima/install/camera_lite_interfaces/include/camera_lite_interfaces/camera_lite_interfaces/msg/rosidl_generator_c__visibility_control.h
[0.282s] -- Up-to-date: /home/walrus/Ultima/install/camera_lite_interfaces/include/camera_lite_interfaces/camera_lite_interfaces/srv
[0.282s] -- Up-to-date: /home/walrus/Ultima/install/camera_lite_interfaces/include/camera_lite_interfaces/camera_lite_interfaces/srv/detail
[0.282s] -- Up-to-date: /home/walrus/Ultima/install/camera_lite_interfaces/include/camera_lite_interfaces/camera_lite_interfaces/srv/detail/save__functions.h
[0.282s] -- Up-to-date: /home/walrus/Ultima/install/camera_lite_interfaces/include/camera_lite_interfaces/camera_lite_interfaces/srv/detail/save__struct.h
[0.282s] -- Up-to-date: /home/walrus/Ultima/install/camera_lite_interfaces/include/camera_lite_interfaces/camera_lite_interfaces/srv/detail/save__type_support.h
[0.282s] -- Up-to-date: /home/walrus/Ultima/install/camera_lite_interfaces/include/camera_lite_interfaces/camera_lite_interfaces/srv/detail/save__functions.c
[0.282s] -- Up-to-date: /home/walrus/Ultima/install/camera_lite_interfaces/include/camera_lite_interfaces/camera_lite_interfaces/srv/save.h
[0.282s] -- Up-to-date: /home/walrus/Ultima/install/camera_lite_interfaces/share/camera_lite_interfaces/environment/library_path.sh
[0.282s] -- Up-to-date: /home/walrus/Ultima/install/camera_lite_interfaces/share/camera_lite_interfaces/environment/library_path.dsv
[0.282s] -- Up-to-date: /home/walrus/Ultima/install/camera_lite_interfaces/lib/libcamera_lite_interfaces__rosidl_generator_c.so
[0.283s] -- Up-to-date: /home/walrus/Ultima/install/camera_lite_interfaces/include/camera_lite_interfaces/camera_lite_interfaces
[0.283s] -- Up-to-date: /home/walrus/Ultima/install/camera_lite_interfaces/include/camera_lite_interfaces/camera_lite_interfaces/msg
[0.283s] -- Up-to-date: /home/walrus/Ultima/install/camera_lite_interfaces/include/camera_lite_interfaces/camera_lite_interfaces/msg/rosidl_typesupport_fastrtps_c__visibility_control.h
[0.283s] -- Up-to-date: /home/walrus/Ultima/install/camera_lite_interfaces/include/camera_lite_interfaces/camera_lite_interfaces/srv
[0.283s] -- Up-to-date: /home/walrus/Ultima/install/camera_lite_interfaces/include/camera_lite_interfaces/camera_lite_interfaces/srv/detail
[0.283s] -- Up-to-date: /home/walrus/Ultima/install/camera_lite_interfaces/include/camera_lite_interfaces/camera_lite_interfaces/srv/detail/save__rosidl_typesupport_fastrtps_c.h
[0.283s] -- Up-to-date: /home/walrus/Ultima/install/camera_lite_interfaces/lib/libcamera_lite_interfaces__rosidl_typesupport_fastrtps_c.so
[0.283s] -- Up-to-date: /home/walrus/Ultima/install/camera_lite_interfaces/include/camera_lite_interfaces/camera_lite_interfaces
[0.283s] -- Up-to-date: /home/walrus/Ultima/install/camera_lite_interfaces/include/camera_lite_interfaces/camera_lite_interfaces/msg
[0.283s] -- Up-to-date: /home/walrus/Ultima/install/camera_lite_interfaces/include/camera_lite_interfaces/camera_lite_interfaces/msg/rosidl_typesupport_introspection_c__visibility_control.h
[0.283s] -- Up-to-date: /home/walrus/Ultima/install/camera_lite_interfaces/include/camera_lite_interfaces/camera_lite_interfaces/srv
[0.283s] -- Up-to-date: /home/walrus/Ultima/install/camera_lite_interfaces/include/camera_lite_interfaces/camera_lite_interfaces/srv/detail
[0.283s] -- Up-to-date: /home/walrus/Ultima/install/camera_lite_interfaces/include/camera_lite_interfaces/camera_lite_interfaces/srv/detail/save__rosidl_typesupport_introspection_c.h
[0.283s] -- Up-to-date: /home/walrus/Ultima/install/camera_lite_interfaces/include/camera_lite_interfaces/camera_lite_interfaces/srv/detail/save__type_support.c
[0.283s] -- Up-to-date: /home/walrus/Ultima/install/camera_lite_interfaces/lib/libcamera_lite_interfaces__rosidl_typesupport_introspection_c.so
[0.283s] -- Up-to-date: /home/walrus/Ultima/install/camera_lite_interfaces/lib/libcamera_lite_interfaces__rosidl_typesupport_c.so
[0.283s] -- Up-to-date: /home/walrus/Ultima/install/camera_lite_interfaces/include/camera_lite_interfaces/camera_lite_interfaces
[0.283s] -- Up-to-date: /home/walrus/Ultima/install/camera_lite_interfaces/include/camera_lite_interfaces/camera_lite_interfaces/srv
[0.283s] -- Up-to-date: /home/walrus/Ultima/install/camera_lite_interfaces/include/camera_lite_interfaces/camera_lite_interfaces/srv/detail
[0.283s] -- Up-to-date: /home/walrus/Ultima/install/camera_lite_interfaces/include/camera_lite_interfaces/camera_lite_interfaces/srv/detail/save__struct.hpp
[0.283s] -- Up-to-date: /home/walrus/Ultima/install/camera_lite_interfaces/include/camera_lite_interfaces/camera_lite_interfaces/srv/detail/save__traits.hpp
[0.284s] -- Up-to-date: /home/walrus/Ultima/install/camera_lite_interfaces/include/camera_lite_interfaces/camera_lite_interfaces/srv/detail/save__builder.hpp
[0.284s] -- Up-to-date: /home/walrus/Ultima/install/camera_lite_interfaces/include/camera_lite_interfaces/camera_lite_interfaces/srv/save.hpp
[0.284s] -- Up-to-date: /home/walrus/Ultima/install/camera_lite_interfaces/include/camera_lite_interfaces/camera_lite_interfaces
[0.284s] -- Up-to-date: /home/walrus/Ultima/install/camera_lite_interfaces/include/camera_lite_interfaces/camera_lite_interfaces/msg
[0.284s] -- Up-to-date: /home/walrus/Ultima/install/camera_lite_interfaces/include/camera_lite_interfaces/camera_lite_interfaces/msg/rosidl_typesupport_fastrtps_cpp__visibility_control.h
[0.284s] -- Up-to-date: /home/walrus/Ultima/install/camera_lite_interfaces/include/camera_lite_interfaces/camera_lite_interfaces/srv
[0.284s] -- Up-to-date: /home/walrus/Ultima/install/camera_lite_interfaces/include/camera_lite_interfaces/camera_lite_interfaces/srv/detail
[0.284s] -- Up-to-date: /home/walrus/Ultima/install/camera_lite_interfaces/include/camera_lite_interfaces/camera_lite_interfaces/srv/detail/save__rosidl_typesupport_fastrtps_cpp.hpp
[0.284s] -- Up-to-date: /home/walrus/Ultima/install/camera_lite_interfaces/include/camera_lite_interfaces/camera_lite_interfaces/srv/detail/dds_fastrtps
[0.284s] -- Up-to-date: /home/walrus/Ultima/install/camera_lite_interfaces/lib/libcamera_lite_interfaces__rosidl_typesupport_fastrtps_cpp.so
[0.284s] -- Up-to-date: /home/walrus/Ultima/install/camera_lite_interfaces/include/camera_lite_interfaces/camera_lite_interfaces
[0.284s] -- Up-to-date: /home/walrus/Ultima/install/camera_lite_interfaces/include/camera_lite_interfaces/camera_lite_interfaces/srv
[0.284s] -- Up-to-date: /home/walrus/Ultima/install/camera_lite_interfaces/include/camera_lite_interfaces/camera_lite_interfaces/srv/detail
[0.284s] -- Up-to-date: /home/walrus/Ultima/install/camera_lite_interfaces/include/camera_lite_interfaces/camera_lite_interfaces/srv/detail/save__type_support.cpp
[0.284s] -- Up-to-date: /home/walrus/Ultima/install/camera_lite_interfaces/include/camera_lite_interfaces/camera_lite_interfaces/srv/detail/save__rosidl_typesupport_introspection_cpp.hpp
[0.284s] -- Up-to-date: /home/walrus/Ultima/install/camera_lite_interfaces/lib/libcamera_lite_interfaces__rosidl_typesupport_introspection_cpp.so
[0.284s] -- Up-to-date: /home/walrus/Ultima/install/camera_lite_interfaces/lib/libcamera_lite_interfaces__rosidl_typesupport_cpp.so
[0.284s] -- Up-to-date: /home/walrus/Ultima/install/camera_lite_interfaces/share/camera_lite_interfaces/environment/pythonpath.sh
[0.284s] -- Up-to-date: /home/walrus/Ultima/install/camera_lite_interfaces/share/camera_lite_interfaces/environment/pythonpath.dsv
[0.284s] -- Up-to-date: /home/walrus/Ultima/install/camera_lite_interfaces/local/lib/python3.10/dist-packages/camera_lite_interfaces-1.0.0-py3.10.egg-info
[0.284s] -- Installing: /home/walrus/Ultima/install/camera_lite_interfaces/local/lib/python3.10/dist-packages/camera_lite_interfaces-1.0.0-py3.10.egg-info/dependency_links.txt
[0.284s] -- Installing: /home/walrus/Ultima/install/camera_lite_interfaces/local/lib/python3.10/dist-packages/camera_lite_interfaces-1.0.0-py3.10.egg-info/top_level.txt
[0.285s] -- Installing: /home/walrus/Ultima/install/camera_lite_interfaces/local/lib/python3.10/dist-packages/camera_lite_interfaces-1.0.0-py3.10.egg-info/PKG-INFO
[0.285s] -- Installing: /home/walrus/Ultima/install/camera_lite_interfaces/local/lib/python3.10/dist-packages/camera_lite_interfaces-1.0.0-py3.10.egg-info/SOURCES.txt
[0.285s] -- Up-to-date: /home/walrus/Ultima/install/camera_lite_interfaces/local/lib/python3.10/dist-packages/camera_lite_interfaces
[0.285s] -- Up-to-date: /home/walrus/Ultima/install/camera_lite_interfaces/local/lib/python3.10/dist-packages/camera_lite_interfaces/_camera_lite_interfaces_s.ep.rosidl_typesupport_c.c
[0.285s] -- Up-to-date: /home/walrus/Ultima/install/camera_lite_interfaces/local/lib/python3.10/dist-packages/camera_lite_interfaces/_camera_lite_interfaces_s.ep.rosidl_typesupport_fastrtps_c.c
[0.285s] -- Up-to-date: /home/walrus/Ultima/install/camera_lite_interfaces/local/lib/python3.10/dist-packages/camera_lite_interfaces/camera_lite_interfaces_s__rosidl_typesupport_c.cpython-310-x86_64-linux-gnu.so
[0.285s] -- Up-to-date: /home/walrus/Ultima/install/camera_lite_interfaces/local/lib/python3.10/dist-packages/camera_lite_interfaces/libcamera_lite_interfaces__rosidl_generator_py.so
[0.285s] -- Up-to-date: /home/walrus/Ultima/install/camera_lite_interfaces/local/lib/python3.10/dist-packages/camera_lite_interfaces/camera_lite_interfaces_s__rosidl_typesupport_introspection_c.cpython-310-x86_64-linux-gnu.so
[0.285s] -- Up-to-date: /home/walrus/Ultima/install/camera_lite_interfaces/local/lib/python3.10/dist-packages/camera_lite_interfaces/srv
[0.285s] -- Up-to-date: /home/walrus/Ultima/install/camera_lite_interfaces/local/lib/python3.10/dist-packages/camera_lite_interfaces/srv/_save.py
[0.285s] -- Up-to-date: /home/walrus/Ultima/install/camera_lite_interfaces/local/lib/python3.10/dist-packages/camera_lite_interfaces/srv/__init__.py
[0.285s] -- Up-to-date: /home/walrus/Ultima/install/camera_lite_interfaces/local/lib/python3.10/dist-packages/camera_lite_interfaces/srv/_save_s.c
[0.285s] -- Up-to-date: /home/walrus/Ultima/install/camera_lite_interfaces/local/lib/python3.10/dist-packages/camera_lite_interfaces/camera_lite_interfaces_s__rosidl_typesupport_fastrtps_c.cpython-310-x86_64-linux-gnu.so
[0.285s] -- Up-to-date: /home/walrus/Ultima/install/camera_lite_interfaces/local/lib/python3.10/dist-packages/camera_lite_interfaces/__init__.py
[0.285s] -- Up-to-date: /home/walrus/Ultima/install/camera_lite_interfaces/local/lib/python3.10/dist-packages/camera_lite_interfaces/_camera_lite_interfaces_s.ep.rosidl_typesupport_introspection_c.c
[0.304s] Listing '/home/walrus/Ultima/install/camera_lite_interfaces/local/lib/python3.10/dist-packages/camera_lite_interfaces'...
[0.304s] Listing '/home/walrus/Ultima/install/camera_lite_interfaces/local/lib/python3.10/dist-packages/camera_lite_interfaces/srv'...
[0.307s] -- Up-to-date: /home/walrus/Ultima/install/camera_lite_interfaces/local/lib/python3.10/dist-packages/camera_lite_interfaces/camera_lite_interfaces_s__rosidl_typesupport_fastrtps_c.cpython-310-x86_64-linux-gnu.so
[0.307s] -- Up-to-date: /home/walrus/Ultima/install/camera_lite_interfaces/local/lib/python3.10/dist-packages/camera_lite_interfaces/camera_lite_interfaces_s__rosidl_typesupport_introspection_c.cpython-310-x86_64-linux-gnu.so
[0.308s] -- Up-to-date: /home/walrus/Ultima/install/camera_lite_interfaces/local/lib/python3.10/dist-packages/camera_lite_interfaces/camera_lite_interfaces_s__rosidl_typesupport_c.cpython-310-x86_64-linux-gnu.so
[0.308s] -- Up-to-date: /home/walrus/Ultima/install/camera_lite_interfaces/lib/libcamera_lite_interfaces__rosidl_generator_py.so
[0.308s] -- Up-to-date: /home/walrus/Ultima/install/camera_lite_interfaces/share/camera_lite_interfaces/srv/Save.idl
[0.308s] -- Up-to-date: /home/walrus/Ultima/install/camera_lite_interfaces/share/camera_lite_interfaces/srv/Save.srv
[0.308s] -- Up-to-date: /home/walrus/Ultima/install/camera_lite_interfaces/share/camera_lite_interfaces/srv/Save_Request.msg
[0.308s] -- Up-to-date: /home/walrus/Ultima/install/camera_lite_interfaces/share/camera_lite_interfaces/srv/Save_Response.msg
[0.308s] -- Up-to-date: /home/walrus/Ultima/install/camera_lite_interfaces/share/ament_index/resource_index/package_run_dependencies/camera_lite_interfaces
[0.308s] -- Up-to-date: /home/walrus/Ultima/install/camera_lite_interfaces/share/ament_index/resource_index/parent_prefix_path/camera_lite_interfaces
[0.308s] -- Up-to-date: /home/walrus/Ultima/install/camera_lite_interfaces/share/camera_lite_interfaces/environment/ament_prefix_path.sh
[0.308s] -- Up-to-date: /home/walrus/Ultima/install/camera_lite_interfaces/share/camera_lite_interfaces/environment/ament_prefix_path.dsv
[0.309s] -- Up-to-date: /home/walrus/Ultima/install/camera_lite_interfaces/share/camera_lite_interfaces/environment/path.sh
[0.309s] -- Up-to-date: /home/walrus/Ultima/install/camera_lite_interfaces/share/camera_lite_interfaces/environment/path.dsv
[0.309s] -- Up-to-date: /home/walrus/Ultima/install/camera_lite_interfaces/share/camera_lite_interfaces/local_setup.bash
[0.309s] -- Up-to-date: /home/walrus/Ultima/install/camera_lite_interfaces/share/camera_lite_interfaces/local_setup.sh
[0.309s] -- Up-to-date: /home/walrus/Ultima/install/camera_lite_interfaces/share/camera_lite_interfaces/local_setup.zsh
[0.309s] -- Up-to-date: /home/walrus/Ultima/install/camera_lite_interfaces/share/camera_lite_interfaces/local_setup.dsv
[0.309s] -- Installing: /home/walrus/Ultima/install/camera_lite_interfaces/share/camera_lite_interfaces/package.dsv
[0.309s] -- Up-to-date: /home/walrus/Ultima/install/camera_lite_interfaces/share/ament_index/resource_index/packages/camera_lite_interfaces
[0.309s] -- Up-to-date: /home/walrus/Ultima/install/camera_lite_interfaces/share/camera_lite_interfaces/cmake/export_camera_lite_interfaces__rosidl_generator_cExport.cmake
[0.309s] -- Up-to-date: /home/walrus/Ultima/install/camera_lite_interfaces/share/camera_lite_interfaces/cmake/export_camera_lite_interfaces__rosidl_generator_cExport-noconfig.cmake
[0.309s] -- Up-to-date: /home/walrus/Ultima/install/camera_lite_interfaces/share/camera_lite_interfaces/cmake/export_camera_lite_interfaces__rosidl_typesupport_fastrtps_cExport.cmake
[0.309s] -- Up-to-date: /home/walrus/Ultima/install/camera_lite_interfaces/share/camera_lite_interfaces/cmake/export_camera_lite_interfaces__rosidl_typesupport_fastrtps_cExport-noconfig.cmake
[0.310s] -- Up-to-date: /home/walrus/Ultima/install/camera_lite_interfaces/share/camera_lite_interfaces/cmake/camera_lite_interfaces__rosidl_typesupport_introspection_cExport.cmake
[0.310s] -- Up-to-date: /home/walrus/Ultima/install/camera_lite_interfaces/share/camera_lite_interfaces/cmake/camera_lite_interfaces__rosidl_typesupport_introspection_cExport-noconfig.cmake
[0.310s] -- Up-to-date: /home/walrus/Ultima/install/camera_lite_interfaces/share/camera_lite_interfaces/cmake/camera_lite_interfaces__rosidl_typesupport_cExport.cmake
[0.310s] -- Up-to-date: /home/walrus/Ultima/install/camera_lite_interfaces/share/camera_lite_interfaces/cmake/camera_lite_interfaces__rosidl_typesupport_cExport-noconfig.cmake
[0.310s] -- Up-to-date: /home/walrus/Ultima/install/camera_lite_interfaces/share/camera_lite_interfaces/cmake/export_camera_lite_interfaces__rosidl_generator_cppExport.cmake
[0.310s] -- Up-to-date: /home/walrus/Ultima/install/camera_lite_interfaces/share/camera_lite_interfaces/cmake/export_camera_lite_interfaces__rosidl_typesupport_fastrtps_cppExport.cmake
[0.310s] -- Up-to-date: /home/walrus/Ultima/install/camera_lite_interfaces/share/camera_lite_interfaces/cmake/export_camera_lite_interfaces__rosidl_typesupport_fastrtps_cppExport-noconfig.cmake
[0.310s] -- Up-to-date: /home/walrus/Ultima/install/camera_lite_interfaces/share/camera_lite_interfaces/cmake/camera_lite_interfaces__rosidl_typesupport_introspection_cppExport.cmake
[0.310s] -- Up-to-date: /home/walrus/Ultima/install/camera_lite_interfaces/share/camera_lite_interfaces/cmake/camera_lite_interfaces__rosidl_typesupport_introspection_cppExport-noconfig.cmake
[0.310s] -- Up-to-date: /home/walrus/Ultima/install/camera_lite_interfaces/share/camera_lite_interfaces/cmake/camera_lite_interfaces__rosidl_typesupport_cppExport.cmake
[0.310s] -- Up-to-date: /home/walrus/Ultima/install/camera_lite_interfaces/share/camera_lite_interfaces/cmake/camera_lite_interfaces__rosidl_typesupport_cppExport-noconfig.cmake
[0.310s] -- Up-to-date: /home/walrus/Ultima/install/camera_lite_interfaces/share/camera_lite_interfaces/cmake/export_camera_lite_interfaces__rosidl_generator_pyExport.cmake
[0.310s] -- Up-to-date: /home/walrus/Ultima/install/camera_lite_interfaces/share/camera_lite_interfaces/cmake/export_camera_lite_interfaces__rosidl_generator_pyExport-noconfig.cmake
[0.310s] -- Up-to-date: /home/walrus/Ultima/install/camera_lite_interfaces/share/camera_lite_interfaces/cmake/rosidl_cmake-extras.cmake
[0.311s] -- Up-to-date: /home/walrus/Ultima/install/camera_lite_interfaces/share/camera_lite_interfaces/cmake/ament_cmake_export_dependencies-extras.cmake
[0.311s] -- Up-to-date: /home/walrus/Ultima/install/camera_lite_interfaces/share/camera_lite_interfaces/cmake/ament_cmake_export_include_directories-extras.cmake
[0.311s] -- Up-to-date: /home/walrus/Ultima/install/camera_lite_interfaces/share/camera_lite_interfaces/cmake/ament_cmake_export_libraries-extras.cmake
[0.311s] -- Up-to-date: /home/walrus/Ultima/install/camera_lite_interfaces/share/camera_lite_interfaces/cmake/ament_cmake_export_targets-extras.cmake
[0.311s] -- Up-to-date: /home/walrus/Ultima/install/camera_lite_interfaces/share/camera_lite_interfaces/cmake/rosidl_cmake_export_typesupport_targets-extras.cmake
[0.311s] -- Up-to-date: /home/walrus/Ultima/install/camera_lite_interfaces/share/camera_lite_interfaces/cmake/rosidl_cmake_export_typesupport_libraries-extras.cmake
[0.311s] -- Up-to-date: /home/walrus/Ultima/install/camera_lite_interfaces/share/camera_lite_interfaces/cmake/camera_lite_interfacesConfig.cmake
[0.311s] -- Up-to-date: /home/walrus/Ultima/install/camera_lite_interfaces/share/camera_lite_interfaces/cmake/camera_lite_interfacesConfig-version.cmake
[0.311s] -- Up-to-date: /home/walrus/Ultima/install/camera_lite_interfaces/share/camera_lite_interfaces/package.xml
[0.312s] Invoked command in '/home/walrus/Ultima/build/camera_lite_interfaces' returned '0': CMAKE_PREFIX_PATH=${CMAKE_PREFIX_PATH}:/opt/ros/humble /usr/bin/cmake --install /home/walrus/Ultima/build/camera_lite_interfaces
