[0.184s] DEBUG:colcon:Command line arguments: ['/usr/bin/colcon', 'build']
[0.184s] DEBUG:colcon:Parsed command line arguments: Namespace(log_base=None, log_level=None, verb_name='build', build_base='build', install_base='install', merge_install=False, symlink_install=False, test_result_base=None, continue_on_error=False, executor='parallel', parallel_workers=8, event_handlers=None, ignore_user_meta=False, metas=['./colcon.meta'], base_paths=['.'], packages_ignore=None, packages_ignore_regex=None, paths=None, packages_up_to=None, packages_up_to_regex=None, packages_above=None, packages_above_and_dependencies=None, packages_above_depth=None, packages_select_by_dep=None, packages_skip_by_dep=None, packages_skip_up_to=None, packages_select_build_failed=False, packages_skip_build_finished=False, packages_select_test_failures=False, packages_skip_test_passed=False, packages_select=None, packages_skip=None, packages_select_regex=None, packages_skip_regex=None, packages_start=None, packages_end=None, allow_overriding=[], cmake_args=None, cmake_target=None, cmake_target_skip_unavailable=False, cmake_clean_cache=False, cmake_clean_first=False, cmake_force_configure=False, ament_cmake_args=None, catkin_cmake_args=None, catkin_skip_building_tests=False, verb_parser=<colcon_defaults.argument_parser.defaults.DefaultArgumentsDecorator object at 0x7fe6f90e75e0>, verb_extension=<colcon_core.verb.build.BuildVerb object at 0x7fe6f9a3d2d0>, main=<bound method BuildVerb.main of <colcon_core.verb.build.BuildVerb object at 0x7fe6f9a3d2d0>>)
[0.198s] Level 1:colcon.colcon_core.package_discovery:discover_packages(colcon_meta) check parameters
[0.199s] Level 1:colcon.colcon_core.package_discovery:discover_packages(recursive) check parameters
[0.199s] Level 1:colcon.colcon_core.package_discovery:discover_packages(ignore) check parameters
[0.199s] Level 1:colcon.colcon_core.package_discovery:discover_packages(path) check parameters
[0.199s] Level 1:colcon.colcon_core.package_discovery:discover_packages(colcon_meta) discover
[0.199s] Level 1:colcon.colcon_core.package_discovery:discover_packages(recursive) discover
[0.199s] INFO:colcon.colcon_core.package_discovery:Crawling recursively for packages in '/home/walrus/Ultima'
[0.199s] Level 1:colcon.colcon_core.package_identification:_identify(.) by extensions ['ignore', 'ignore_ament_install']
[0.199s] Level 1:colcon.colcon_core.package_identification:_identify(.) by extension 'ignore'
[0.199s] Level 1:colcon.colcon_core.package_identification:_identify(.) by extension 'ignore_ament_install'
[0.199s] Level 1:colcon.colcon_core.package_identification:_identify(.) by extensions ['colcon_pkg']
[0.199s] Level 1:colcon.colcon_core.package_identification:_identify(.) by extension 'colcon_pkg'
[0.199s] Level 1:colcon.colcon_core.package_identification:_identify(.) by extensions ['colcon_meta']
[0.199s] Level 1:colcon.colcon_core.package_identification:_identify(.) by extension 'colcon_meta'
[0.199s] Level 1:colcon.colcon_core.package_identification:_identify(.) by extensions ['ros']
[0.199s] Level 1:colcon.colcon_core.package_identification:_identify(.) by extension 'ros'
[0.214s] Level 1:colcon.colcon_core.package_identification:_identify(.) by extensions ['cmake', 'python']
[0.214s] Level 1:colcon.colcon_core.package_identification:_identify(.) by extension 'cmake'
[0.214s] Level 1:colcon.colcon_core.package_identification:_identify(.) by extension 'python'
[0.214s] Level 1:colcon.colcon_core.package_identification:_identify(.) by extensions ['python_setup_py']
[0.214s] Level 1:colcon.colcon_core.package_identification:_identify(.) by extension 'python_setup_py'
[0.214s] Level 1:colcon.colcon_core.package_identification:_identify(build) by extensions ['ignore', 'ignore_ament_install']
[0.214s] Level 1:colcon.colcon_core.package_identification:_identify(build) by extension 'ignore'
[0.214s] Level 1:colcon.colcon_core.package_identification:_identify(build) ignored
[0.214s] Level 1:colcon.colcon_core.package_identification:_identify(install) by extensions ['ignore', 'ignore_ament_install']
[0.214s] Level 1:colcon.colcon_core.package_identification:_identify(install) by extension 'ignore'
[0.214s] Level 1:colcon.colcon_core.package_identification:_identify(install) ignored
[0.214s] Level 1:colcon.colcon_core.package_identification:_identify(log) by extensions ['ignore', 'ignore_ament_install']
[0.214s] Level 1:colcon.colcon_core.package_identification:_identify(log) by extension 'ignore'
[0.214s] Level 1:colcon.colcon_core.package_identification:_identify(log) ignored
[0.214s] Level 1:colcon.colcon_core.package_identification:_identify(src) by extensions ['ignore', 'ignore_ament_install']
[0.214s] Level 1:colcon.colcon_core.package_identification:_identify(src) by extension 'ignore'
[0.214s] Level 1:colcon.colcon_core.package_identification:_identify(src) by extension 'ignore_ament_install'
[0.214s] Level 1:colcon.colcon_core.package_identification:_identify(src) by extensions ['colcon_pkg']
[0.214s] Level 1:colcon.colcon_core.package_identification:_identify(src) by extension 'colcon_pkg'
[0.214s] Level 1:colcon.colcon_core.package_identification:_identify(src) by extensions ['colcon_meta']
[0.214s] Level 1:colcon.colcon_core.package_identification:_identify(src) by extension 'colcon_meta'
[0.214s] Level 1:colcon.colcon_core.package_identification:_identify(src) by extensions ['ros']
[0.214s] Level 1:colcon.colcon_core.package_identification:_identify(src) by extension 'ros'
[0.214s] Level 1:colcon.colcon_core.package_identification:_identify(src) by extensions ['cmake', 'python']
[0.215s] Level 1:colcon.colcon_core.package_identification:_identify(src) by extension 'cmake'
[0.215s] Level 1:colcon.colcon_core.package_identification:_identify(src) by extension 'python'
[0.215s] Level 1:colcon.colcon_core.package_identification:_identify(src) by extensions ['python_setup_py']
[0.215s] Level 1:colcon.colcon_core.package_identification:_identify(src) by extension 'python_setup_py'
[0.215s] Level 1:colcon.colcon_core.package_identification:_identify(src/camera_lite) by extensions ['ignore', 'ignore_ament_install']
[0.215s] Level 1:colcon.colcon_core.package_identification:_identify(src/camera_lite) by extension 'ignore'
[0.215s] Level 1:colcon.colcon_core.package_identification:_identify(src/camera_lite) by extension 'ignore_ament_install'
[0.215s] Level 1:colcon.colcon_core.package_identification:_identify(src/camera_lite) by extensions ['colcon_pkg']
[0.215s] Level 1:colcon.colcon_core.package_identification:_identify(src/camera_lite) by extension 'colcon_pkg'
[0.215s] Level 1:colcon.colcon_core.package_identification:_identify(src/camera_lite) by extensions ['colcon_meta']
[0.215s] Level 1:colcon.colcon_core.package_identification:_identify(src/camera_lite) by extension 'colcon_meta'
[0.215s] Level 1:colcon.colcon_core.package_identification:_identify(src/camera_lite) by extensions ['ros']
[0.215s] Level 1:colcon.colcon_core.package_identification:_identify(src/camera_lite) by extension 'ros'
[0.216s] DEBUG:colcon.colcon_core.package_identification:Package 'src/camera_lite' with type 'ros.ament_cmake' and name 'camera_lite'
[0.217s] Level 1:colcon.colcon_core.package_identification:_identify(src/camera_lite_interfaces) by extensions ['ignore', 'ignore_ament_install']
[0.217s] Level 1:colcon.colcon_core.package_identification:_identify(src/camera_lite_interfaces) by extension 'ignore'
[0.217s] Level 1:colcon.colcon_core.package_identification:_identify(src/camera_lite_interfaces) by extension 'ignore_ament_install'
[0.217s] Level 1:colcon.colcon_core.package_identification:_identify(src/camera_lite_interfaces) by extensions ['colcon_pkg']
[0.217s] Level 1:colcon.colcon_core.package_identification:_identify(src/camera_lite_interfaces) by extension 'colcon_pkg'
[0.217s] Level 1:colcon.colcon_core.package_identification:_identify(src/camera_lite_interfaces) by extensions ['colcon_meta']
[0.217s] Level 1:colcon.colcon_core.package_identification:_identify(src/camera_lite_interfaces) by extension 'colcon_meta'
[0.217s] Level 1:colcon.colcon_core.package_identification:_identify(src/camera_lite_interfaces) by extensions ['ros']
[0.217s] Level 1:colcon.colcon_core.package_identification:_identify(src/camera_lite_interfaces) by extension 'ros'
[0.217s] DEBUG:colcon.colcon_core.package_identification:Package 'src/camera_lite_interfaces' with type 'ros.ament_cmake' and name 'camera_lite_interfaces'
[0.217s] Level 1:colcon.colcon_core.package_discovery:discover_packages(recursive) using defaults
[0.217s] Level 1:colcon.colcon_core.package_discovery:discover_packages(ignore) discover
[0.217s] Level 1:colcon.colcon_core.package_discovery:discover_packages(ignore) using defaults
[0.217s] Level 1:colcon.colcon_core.package_discovery:discover_packages(path) discover
[0.217s] Level 1:colcon.colcon_core.package_discovery:discover_packages(path) using defaults
[0.233s] Level 1:colcon.colcon_core.package_discovery:discover_packages(prefix_path) check parameters
[0.233s] Level 1:colcon.colcon_core.package_discovery:discover_packages(prefix_path) discover
[0.235s] DEBUG:colcon.colcon_installed_package_information.package_discovery:Found 271 installed packages in /opt/ros/humble
[0.236s] Level 1:colcon.colcon_core.package_discovery:discover_packages(prefix_path) using defaults
[0.271s] Level 5:colcon.colcon_core.verb:set package 'camera_lite' build argument 'cmake_args' from command line to 'None'
[0.271s] Level 5:colcon.colcon_core.verb:set package 'camera_lite' build argument 'cmake_target' from command line to 'None'
[0.271s] Level 5:colcon.colcon_core.verb:set package 'camera_lite' build argument 'cmake_target_skip_unavailable' from command line to 'False'
[0.271s] Level 5:colcon.colcon_core.verb:set package 'camera_lite' build argument 'cmake_clean_cache' from command line to 'False'
[0.271s] Level 5:colcon.colcon_core.verb:set package 'camera_lite' build argument 'cmake_clean_first' from command line to 'False'
[0.271s] Level 5:colcon.colcon_core.verb:set package 'camera_lite' build argument 'cmake_force_configure' from command line to 'False'
[0.271s] Level 5:colcon.colcon_core.verb:set package 'camera_lite' build argument 'ament_cmake_args' from command line to 'None'
[0.271s] Level 5:colcon.colcon_core.verb:set package 'camera_lite' build argument 'catkin_cmake_args' from command line to 'None'
[0.271s] Level 5:colcon.colcon_core.verb:set package 'camera_lite' build argument 'catkin_skip_building_tests' from command line to 'False'
[0.271s] DEBUG:colcon.colcon_core.verb:Building package 'camera_lite' with the following arguments: {'ament_cmake_args': None, 'build_base': '/home/walrus/Ultima/build/camera_lite', 'catkin_cmake_args': None, 'catkin_skip_building_tests': False, 'cmake_args': None, 'cmake_clean_cache': False, 'cmake_clean_first': False, 'cmake_force_configure': False, 'cmake_target': None, 'cmake_target_skip_unavailable': False, 'install_base': '/home/walrus/Ultima/install/camera_lite', 'merge_install': False, 'path': '/home/walrus/Ultima/src/camera_lite', 'symlink_install': False, 'test_result_base': None}
[0.272s] Level 5:colcon.colcon_core.verb:set package 'camera_lite_interfaces' build argument 'cmake_args' from command line to 'None'
[0.272s] Level 5:colcon.colcon_core.verb:set package 'camera_lite_interfaces' build argument 'cmake_target' from command line to 'None'
[0.272s] Level 5:colcon.colcon_core.verb:set package 'camera_lite_interfaces' build argument 'cmake_target_skip_unavailable' from command line to 'False'
[0.272s] Level 5:colcon.colcon_core.verb:set package 'camera_lite_interfaces' build argument 'cmake_clean_cache' from command line to 'False'
[0.272s] Level 5:colcon.colcon_core.verb:set package 'camera_lite_interfaces' build argument 'cmake_clean_first' from command line to 'False'
[0.272s] Level 5:colcon.colcon_core.verb:set package 'camera_lite_interfaces' build argument 'cmake_force_configure' from command line to 'False'
[0.272s] Level 5:colcon.colcon_core.verb:set package 'camera_lite_interfaces' build argument 'ament_cmake_args' from command line to 'None'
[0.272s] Level 5:colcon.colcon_core.verb:set package 'camera_lite_interfaces' build argument 'catkin_cmake_args' from command line to 'None'
[0.272s] Level 5:colcon.colcon_core.verb:set package 'camera_lite_interfaces' build argument 'catkin_skip_building_tests' from command line to 'False'
[0.272s] DEBUG:colcon.colcon_core.verb:Building package 'camera_lite_interfaces' with the following arguments: {'ament_cmake_args': None, 'build_base': '/home/walrus/Ultima/build/camera_lite_interfaces', 'catkin_cmake_args': None, 'catkin_skip_building_tests': False, 'cmake_args': None, 'cmake_clean_cache': False, 'cmake_clean_first': False, 'cmake_force_configure': False, 'cmake_target': None, 'cmake_target_skip_unavailable': False, 'install_base': '/home/walrus/Ultima/install/camera_lite_interfaces', 'merge_install': False, 'path': '/home/walrus/Ultima/src/camera_lite_interfaces', 'symlink_install': False, 'test_result_base': None}
[0.272s] INFO:colcon.colcon_core.executor:Executing jobs using 'parallel' executor
[0.275s] DEBUG:colcon.colcon_parallel_executor.executor.parallel:run_until_complete
[0.275s] INFO:colcon.colcon_ros.task.ament_cmake.build:Building ROS package in '/home/walrus/Ultima/src/camera_lite' with build type 'ament_cmake'
[0.275s] INFO:colcon.colcon_cmake.task.cmake.build:Building CMake package in '/home/walrus/Ultima/src/camera_lite'
[0.278s] INFO:colcon.colcon_core.plugin_system:Skipping extension 'colcon_core.shell.bat': Not used on non-Windows systems
[0.278s] INFO:colcon.colcon_core.shell:Skip shell extension 'powershell' for command environment: Not usable outside of PowerShell
[0.278s] DEBUG:colcon.colcon_core.shell:Skip shell extension 'dsv' for command environment
[0.280s] INFO:colcon.colcon_ros.task.ament_cmake.build:Building ROS package in '/home/walrus/Ultima/src/camera_lite_interfaces' with build type 'ament_cmake'
[0.280s] INFO:colcon.colcon_cmake.task.cmake.build:Building CMake package in '/home/walrus/Ultima/src/camera_lite_interfaces'
[0.281s] INFO:colcon.colcon_core.shell:Skip shell extension 'powershell' for command environment: Not usable outside of PowerShell
[0.281s] DEBUG:colcon.colcon_core.shell:Skip shell extension 'dsv' for command environment
[0.287s] DEBUG:colcon.colcon_core.event_handler.log_command:Invoking command in '/home/walrus/Ultima/build/camera_lite': CMAKE_PREFIX_PATH=/opt/ros/humble /usr/bin/cmake /home/walrus/Ultima/src/camera_lite -DCMAKE_INSTALL_PREFIX=/home/walrus/Ultima/install/camera_lite
[0.290s] DEBUG:colcon.colcon_core.event_handler.log_command:Invoking command in '/home/walrus/Ultima/build/camera_lite_interfaces': CMAKE_PREFIX_PATH=/opt/ros/humble /usr/bin/cmake --build /home/walrus/Ultima/build/camera_lite_interfaces -- -j8 -l8
[0.517s] DEBUG:colcon.colcon_core.event_handler.log_command:Invoked command in '/home/walrus/Ultima/build/camera_lite_interfaces' returned '0': CMAKE_PREFIX_PATH=/opt/ros/humble /usr/bin/cmake --build /home/walrus/Ultima/build/camera_lite_interfaces -- -j8 -l8
[0.549s] DEBUG:colcon.colcon_core.event_handler.log_command:Invoking command in '/home/walrus/Ultima/build/camera_lite_interfaces': CMAKE_PREFIX_PATH=/opt/ros/humble /usr/bin/cmake --install /home/walrus/Ultima/build/camera_lite_interfaces
[0.583s] Level 1:colcon.colcon_core.environment:create_environment_scripts_only(camera_lite_interfaces)
[0.584s] DEBUG:colcon.colcon_core.event_handler.log_command:Invoked command in '/home/walrus/Ultima/build/camera_lite_interfaces' returned '0': CMAKE_PREFIX_PATH=/opt/ros/humble /usr/bin/cmake --install /home/walrus/Ultima/build/camera_lite_interfaces
[0.586s] Level 1:colcon.colcon_core.environment:checking '/home/walrus/Ultima/install/camera_lite_interfaces' for CMake module files
[0.587s] Level 1:colcon.colcon_core.environment:checking '/home/walrus/Ultima/install/camera_lite_interfaces' for CMake config files
[0.587s] Level 1:colcon.colcon_core.shell:create_environment_hook('camera_lite_interfaces', 'cmake_prefix_path')
[0.588s] INFO:colcon.colcon_core.shell:Creating environment hook '/home/walrus/Ultima/install/camera_lite_interfaces/share/camera_lite_interfaces/hook/cmake_prefix_path.ps1'
[0.588s] INFO:colcon.colcon_core.shell:Creating environment descriptor '/home/walrus/Ultima/install/camera_lite_interfaces/share/camera_lite_interfaces/hook/cmake_prefix_path.dsv'
[0.588s] INFO:colcon.colcon_core.shell:Creating environment hook '/home/walrus/Ultima/install/camera_lite_interfaces/share/camera_lite_interfaces/hook/cmake_prefix_path.sh'
[0.589s] Level 1:colcon.colcon_core.environment:checking '/home/walrus/Ultima/install/camera_lite_interfaces/lib'
[0.589s] Level 1:colcon.colcon_core.shell:create_environment_hook('camera_lite_interfaces', 'ld_library_path_lib')
[0.590s] INFO:colcon.colcon_core.shell:Creating environment hook '/home/walrus/Ultima/install/camera_lite_interfaces/share/camera_lite_interfaces/hook/ld_library_path_lib.ps1'
[0.590s] INFO:colcon.colcon_core.shell:Creating environment descriptor '/home/walrus/Ultima/install/camera_lite_interfaces/share/camera_lite_interfaces/hook/ld_library_path_lib.dsv'
[0.590s] INFO:colcon.colcon_core.shell:Creating environment hook '/home/walrus/Ultima/install/camera_lite_interfaces/share/camera_lite_interfaces/hook/ld_library_path_lib.sh'
[0.591s] Level 1:colcon.colcon_core.environment:checking '/home/walrus/Ultima/install/camera_lite_interfaces/bin'
[0.591s] Level 1:colcon.colcon_core.environment:checking '/home/walrus/Ultima/install/camera_lite_interfaces/lib/pkgconfig/camera_lite_interfaces.pc'
[0.591s] Level 1:colcon.colcon_core.environment:checking '/home/walrus/Ultima/install/camera_lite_interfaces/lib/python3.10/site-packages'
[0.591s] Level 1:colcon.colcon_core.environment:checking '/home/walrus/Ultima/install/camera_lite_interfaces/bin'
[0.592s] INFO:colcon.colcon_core.shell:Creating package script '/home/walrus/Ultima/install/camera_lite_interfaces/share/camera_lite_interfaces/package.ps1'
[0.592s] INFO:colcon.colcon_core.shell:Creating package descriptor '/home/walrus/Ultima/install/camera_lite_interfaces/share/camera_lite_interfaces/package.dsv'
[0.593s] INFO:colcon.colcon_core.shell:Creating package script '/home/walrus/Ultima/install/camera_lite_interfaces/share/camera_lite_interfaces/package.sh'
[0.593s] INFO:colcon.colcon_core.shell:Creating package script '/home/walrus/Ultima/install/camera_lite_interfaces/share/camera_lite_interfaces/package.bash'
[0.594s] INFO:colcon.colcon_core.shell:Creating package script '/home/walrus/Ultima/install/camera_lite_interfaces/share/camera_lite_interfaces/package.zsh'
[0.594s] Level 1:colcon.colcon_core.environment:create_file_with_runtime_dependencies(/home/walrus/Ultima/install/camera_lite_interfaces/share/colcon-core/packages/camera_lite_interfaces)
[0.622s] Level 1:colcon.colcon_core.environment:create_environment_scripts_only(camera_lite_interfaces)
[0.623s] Level 1:colcon.colcon_core.environment:checking '/home/walrus/Ultima/install/camera_lite_interfaces' for CMake module files
[0.624s] Level 1:colcon.colcon_core.environment:checking '/home/walrus/Ultima/install/camera_lite_interfaces' for CMake config files
[0.624s] Level 1:colcon.colcon_core.shell:create_environment_hook('camera_lite_interfaces', 'cmake_prefix_path')
[0.625s] INFO:colcon.colcon_core.shell:Creating environment hook '/home/walrus/Ultima/install/camera_lite_interfaces/share/camera_lite_interfaces/hook/cmake_prefix_path.ps1'
[0.625s] INFO:colcon.colcon_core.shell:Creating environment descriptor '/home/walrus/Ultima/install/camera_lite_interfaces/share/camera_lite_interfaces/hook/cmake_prefix_path.dsv'
[0.625s] INFO:colcon.colcon_core.shell:Creating environment hook '/home/walrus/Ultima/install/camera_lite_interfaces/share/camera_lite_interfaces/hook/cmake_prefix_path.sh'
[0.626s] Level 1:colcon.colcon_core.environment:checking '/home/walrus/Ultima/install/camera_lite_interfaces/lib'
[0.626s] Level 1:colcon.colcon_core.shell:create_environment_hook('camera_lite_interfaces', 'ld_library_path_lib')
[0.626s] INFO:colcon.colcon_core.shell:Creating environment hook '/home/walrus/Ultima/install/camera_lite_interfaces/share/camera_lite_interfaces/hook/ld_library_path_lib.ps1'
[0.627s] INFO:colcon.colcon_core.shell:Creating environment descriptor '/home/walrus/Ultima/install/camera_lite_interfaces/share/camera_lite_interfaces/hook/ld_library_path_lib.dsv'
[0.627s] INFO:colcon.colcon_core.shell:Creating environment hook '/home/walrus/Ultima/install/camera_lite_interfaces/share/camera_lite_interfaces/hook/ld_library_path_lib.sh'
[0.627s] Level 1:colcon.colcon_core.environment:checking '/home/walrus/Ultima/install/camera_lite_interfaces/bin'
[0.627s] Level 1:colcon.colcon_core.environment:checking '/home/walrus/Ultima/install/camera_lite_interfaces/lib/pkgconfig/camera_lite_interfaces.pc'
[0.627s] Level 1:colcon.colcon_core.environment:checking '/home/walrus/Ultima/install/camera_lite_interfaces/lib/python3.10/site-packages'
[0.627s] Level 1:colcon.colcon_core.environment:checking '/home/walrus/Ultima/install/camera_lite_interfaces/bin'
[0.628s] INFO:colcon.colcon_core.shell:Creating package script '/home/walrus/Ultima/install/camera_lite_interfaces/share/camera_lite_interfaces/package.ps1'
[0.629s] INFO:colcon.colcon_core.shell:Creating package descriptor '/home/walrus/Ultima/install/camera_lite_interfaces/share/camera_lite_interfaces/package.dsv'
[0.629s] INFO:colcon.colcon_core.shell:Creating package script '/home/walrus/Ultima/install/camera_lite_interfaces/share/camera_lite_interfaces/package.sh'
[0.629s] INFO:colcon.colcon_core.shell:Creating package script '/home/walrus/Ultima/install/camera_lite_interfaces/share/camera_lite_interfaces/package.bash'
[0.629s] INFO:colcon.colcon_core.shell:Creating package script '/home/walrus/Ultima/install/camera_lite_interfaces/share/camera_lite_interfaces/package.zsh'
[0.630s] Level 1:colcon.colcon_core.environment:create_file_with_runtime_dependencies(/home/walrus/Ultima/install/camera_lite_interfaces/share/colcon-core/packages/camera_lite_interfaces)
[0.770s] DEBUG:colcon.colcon_core.event_handler.log_command:Invoked command in '/home/walrus/Ultima/build/camera_lite' returned '1': CMAKE_PREFIX_PATH=/opt/ros/humble /usr/bin/cmake /home/walrus/Ultima/src/camera_lite -DCMAKE_INSTALL_PREFIX=/home/walrus/Ultima/install/camera_lite
[0.776s] Level 1:colcon.colcon_core.environment:create_environment_scripts_only(camera_lite)
[0.778s] Level 1:colcon.colcon_core.environment:checking '/home/walrus/Ultima/install/camera_lite' for CMake module files
[0.778s] Level 1:colcon.colcon_core.environment:checking '/home/walrus/Ultima/install/camera_lite' for CMake config files
[0.778s] Level 1:colcon.colcon_core.environment:checking '/home/walrus/Ultima/install/camera_lite/bin'
[0.778s] Level 1:colcon.colcon_core.environment:checking '/home/walrus/Ultima/install/camera_lite/lib/pkgconfig/camera_lite.pc'
[0.778s] Level 1:colcon.colcon_core.environment:checking '/home/walrus/Ultima/install/camera_lite/lib/python3.10/site-packages'
[0.778s] Level 1:colcon.colcon_core.environment:checking '/home/walrus/Ultima/install/camera_lite/bin'
[0.779s] INFO:colcon.colcon_core.shell:Creating package script '/home/walrus/Ultima/install/camera_lite/share/camera_lite/package.ps1'
[0.779s] INFO:colcon.colcon_core.shell:Creating package descriptor '/home/walrus/Ultima/install/camera_lite/share/camera_lite/package.dsv'
[0.780s] INFO:colcon.colcon_core.shell:Creating package script '/home/walrus/Ultima/install/camera_lite/share/camera_lite/package.sh'
[0.780s] INFO:colcon.colcon_core.shell:Creating package script '/home/walrus/Ultima/install/camera_lite/share/camera_lite/package.bash'
[0.780s] INFO:colcon.colcon_core.shell:Creating package script '/home/walrus/Ultima/install/camera_lite/share/camera_lite/package.zsh'
[0.780s] Level 1:colcon.colcon_core.environment:create_file_with_runtime_dependencies(/home/walrus/Ultima/install/camera_lite/share/colcon-core/packages/camera_lite)
[0.790s] DEBUG:colcon.colcon_parallel_executor.executor.parallel:closing loop
[0.791s] DEBUG:colcon.colcon_parallel_executor.executor.parallel:loop closed
[0.791s] DEBUG:colcon.colcon_parallel_executor.executor.parallel:run_until_complete finished with '1'
[0.791s] DEBUG:colcon.colcon_core.event_reactor:joining thread
[0.796s] INFO:colcon.colcon_core.plugin_system:Skipping extension 'colcon_notification.desktop_notification.terminal_notifier': Not used on non-Darwin systems
[0.796s] INFO:colcon.colcon_core.plugin_system:Skipping extension 'colcon_notification.desktop_notification.win32': Not used on non-Windows systems
[0.796s] INFO:colcon.colcon_notification.desktop_notification:Sending desktop notification using 'notify2'
[0.805s] DEBUG:colcon.colcon_core.event_reactor:joined thread
[0.807s] INFO:colcon.colcon_core.shell:Creating prefix script '/home/walrus/Ultima/install/local_setup.ps1'
[0.808s] INFO:colcon.colcon_core.shell:Creating prefix util module '/home/walrus/Ultima/install/_local_setup_util_ps1.py'
[0.809s] INFO:colcon.colcon_core.shell:Creating prefix chain script '/home/walrus/Ultima/install/setup.ps1'
[0.810s] INFO:colcon.colcon_core.shell:Creating prefix script '/home/walrus/Ultima/install/local_setup.sh'
[0.810s] INFO:colcon.colcon_core.shell:Creating prefix util module '/home/walrus/Ultima/install/_local_setup_util_sh.py'
[0.811s] INFO:colcon.colcon_core.shell:Creating prefix chain script '/home/walrus/Ultima/install/setup.sh'
[0.812s] INFO:colcon.colcon_core.shell:Creating prefix script '/home/walrus/Ultima/install/local_setup.bash'
[0.812s] INFO:colcon.colcon_core.shell:Creating prefix chain script '/home/walrus/Ultima/install/setup.bash'
[0.813s] INFO:colcon.colcon_core.shell:Creating prefix script '/home/walrus/Ultima/install/local_setup.zsh'
[0.813s] INFO:colcon.colcon_core.shell:Creating prefix chain script '/home/walrus/Ultima/install/setup.zsh'
