[  3%] Built target camera_lite_interfaces__cpp
[ 12%] Built target camera_lite_interfaces__rosidl_generator_c
[ 12%] Built target ament_cmake_python_copy_camera_lite_interfaces
[ 22%] Built target camera_lite_interfaces__rosidl_typesupport_cpp
[ 32%] Built target camera_lite_interfaces__rosidl_typesupport_fastrtps_cpp
[ 41%] Built target camera_lite_interfaces__rosidl_typesupport_introspection_cpp
[ 51%] Built target camera_lite_interfaces__rosidl_typesupport_c
[ 61%] Built target camera_lite_interfaces__rosidl_typesupport_fastrtps_c
[ 70%] Built target camera_lite_interfaces__rosidl_typesupport_introspection_c
[ 70%] Built target camera_lite_interfaces
[ 74%] Built target camera_lite_interfaces__py
[ 80%] Built target camera_lite_interfaces__rosidl_generator_py
[ 87%] Built target camera_lite_interfaces__rosidl_typesupport_introspection_c__pyext
[ 93%] Built target camera_lite_interfaces__rosidl_typesupport_c__pyext
[100%] Built target camera_lite_interfaces__rosidl_typesupport_fastrtps_c__pyext
running egg_info
writing camera_lite_interfaces.egg-info/PKG-INFO
writing dependency_links to camera_lite_interfaces.egg-info/dependency_links.txt
writing top-level names to camera_lite_interfaces.egg-info/top_level.txt
reading manifest file 'camera_lite_interfaces.egg-info/SOURCES.txt'
writing manifest file 'camera_lite_interfaces.egg-info/SOURCES.txt'
[100%] Built target ament_cmake_python_build_camera_lite_interfaces_egg
-- Install configuration: ""
-- Up-to-date: /home/walrus/Ultima/install/camera_lite_interfaces/share/ament_index/resource_index/rosidl_interfaces/camera_lite_interfaces
-- Up-to-date: /home/walrus/Ultima/install/camera_lite_interfaces/include/camera_lite_interfaces/camera_lite_interfaces
-- Up-to-date: /home/walrus/Ultima/install/camera_lite_interfaces/include/camera_lite_interfaces/camera_lite_interfaces/msg
-- Up-to-date: /home/walrus/Ultima/install/camera_lite_interfaces/include/camera_lite_interfaces/camera_lite_interfaces/msg/rosidl_generator_c__visibility_control.h
-- Up-to-date: /home/walrus/Ultima/install/camera_lite_interfaces/include/camera_lite_interfaces/camera_lite_interfaces/srv
-- Up-to-date: /home/walrus/Ultima/install/camera_lite_interfaces/include/camera_lite_interfaces/camera_lite_interfaces/srv/detail
-- Up-to-date: /home/walrus/Ultima/install/camera_lite_interfaces/include/camera_lite_interfaces/camera_lite_interfaces/srv/detail/save__functions.h
-- Up-to-date: /home/walrus/Ultima/install/camera_lite_interfaces/include/camera_lite_interfaces/camera_lite_interfaces/srv/detail/save__struct.h
-- Up-to-date: /home/walrus/Ultima/install/camera_lite_interfaces/include/camera_lite_interfaces/camera_lite_interfaces/srv/detail/save__type_support.h
-- Up-to-date: /home/walrus/Ultima/install/camera_lite_interfaces/include/camera_lite_interfaces/camera_lite_interfaces/srv/detail/save__functions.c
-- Up-to-date: /home/walrus/Ultima/install/camera_lite_interfaces/include/camera_lite_interfaces/camera_lite_interfaces/srv/save.h
-- Up-to-date: /home/walrus/Ultima/install/camera_lite_interfaces/share/camera_lite_interfaces/environment/library_path.sh
-- Up-to-date: /home/walrus/Ultima/install/camera_lite_interfaces/share/camera_lite_interfaces/environment/library_path.dsv
-- Up-to-date: /home/walrus/Ultima/install/camera_lite_interfaces/lib/libcamera_lite_interfaces__rosidl_generator_c.so
-- Up-to-date: /home/walrus/Ultima/install/camera_lite_interfaces/include/camera_lite_interfaces/camera_lite_interfaces
-- Up-to-date: /home/walrus/Ultima/install/camera_lite_interfaces/include/camera_lite_interfaces/camera_lite_interfaces/msg
-- Up-to-date: /home/walrus/Ultima/install/camera_lite_interfaces/include/camera_lite_interfaces/camera_lite_interfaces/msg/rosidl_typesupport_fastrtps_c__visibility_control.h
-- Up-to-date: /home/walrus/Ultima/install/camera_lite_interfaces/include/camera_lite_interfaces/camera_lite_interfaces/srv
-- Up-to-date: /home/walrus/Ultima/install/camera_lite_interfaces/include/camera_lite_interfaces/camera_lite_interfaces/srv/detail
-- Up-to-date: /home/walrus/Ultima/install/camera_lite_interfaces/include/camera_lite_interfaces/camera_lite_interfaces/srv/detail/save__rosidl_typesupport_fastrtps_c.h
-- Up-to-date: /home/walrus/Ultima/install/camera_lite_interfaces/lib/libcamera_lite_interfaces__rosidl_typesupport_fastrtps_c.so
-- Up-to-date: /home/walrus/Ultima/install/camera_lite_interfaces/include/camera_lite_interfaces/camera_lite_interfaces
-- Up-to-date: /home/walrus/Ultima/install/camera_lite_interfaces/include/camera_lite_interfaces/camera_lite_interfaces/msg
-- Up-to-date: /home/walrus/Ultima/install/camera_lite_interfaces/include/camera_lite_interfaces/camera_lite_interfaces/msg/rosidl_typesupport_introspection_c__visibility_control.h
-- Up-to-date: /home/walrus/Ultima/install/camera_lite_interfaces/include/camera_lite_interfaces/camera_lite_interfaces/srv
-- Up-to-date: /home/walrus/Ultima/install/camera_lite_interfaces/include/camera_lite_interfaces/camera_lite_interfaces/srv/detail
-- Up-to-date: /home/walrus/Ultima/install/camera_lite_interfaces/include/camera_lite_interfaces/camera_lite_interfaces/srv/detail/save__rosidl_typesupport_introspection_c.h
-- Up-to-date: /home/walrus/Ultima/install/camera_lite_interfaces/include/camera_lite_interfaces/camera_lite_interfaces/srv/detail/save__type_support.c
-- Up-to-date: /home/walrus/Ultima/install/camera_lite_interfaces/lib/libcamera_lite_interfaces__rosidl_typesupport_introspection_c.so
-- Up-to-date: /home/walrus/Ultima/install/camera_lite_interfaces/lib/libcamera_lite_interfaces__rosidl_typesupport_c.so
-- Up-to-date: /home/walrus/Ultima/install/camera_lite_interfaces/include/camera_lite_interfaces/camera_lite_interfaces
-- Up-to-date: /home/walrus/Ultima/install/camera_lite_interfaces/include/camera_lite_interfaces/camera_lite_interfaces/srv
-- Up-to-date: /home/walrus/Ultima/install/camera_lite_interfaces/include/camera_lite_interfaces/camera_lite_interfaces/srv/detail
-- Up-to-date: /home/walrus/Ultima/install/camera_lite_interfaces/include/camera_lite_interfaces/camera_lite_interfaces/srv/detail/save__struct.hpp
-- Up-to-date: /home/walrus/Ultima/install/camera_lite_interfaces/include/camera_lite_interfaces/camera_lite_interfaces/srv/detail/save__traits.hpp
-- Up-to-date: /home/walrus/Ultima/install/camera_lite_interfaces/include/camera_lite_interfaces/camera_lite_interfaces/srv/detail/save__builder.hpp
-- Up-to-date: /home/walrus/Ultima/install/camera_lite_interfaces/include/camera_lite_interfaces/camera_lite_interfaces/srv/save.hpp
-- Up-to-date: /home/walrus/Ultima/install/camera_lite_interfaces/include/camera_lite_interfaces/camera_lite_interfaces
-- Up-to-date: /home/walrus/Ultima/install/camera_lite_interfaces/include/camera_lite_interfaces/camera_lite_interfaces/msg
-- Up-to-date: /home/walrus/Ultima/install/camera_lite_interfaces/include/camera_lite_interfaces/camera_lite_interfaces/msg/rosidl_typesupport_fastrtps_cpp__visibility_control.h
-- Up-to-date: /home/walrus/Ultima/install/camera_lite_interfaces/include/camera_lite_interfaces/camera_lite_interfaces/srv
-- Up-to-date: /home/walrus/Ultima/install/camera_lite_interfaces/include/camera_lite_interfaces/camera_lite_interfaces/srv/detail
-- Up-to-date: /home/walrus/Ultima/install/camera_lite_interfaces/include/camera_lite_interfaces/camera_lite_interfaces/srv/detail/save__rosidl_typesupport_fastrtps_cpp.hpp
-- Up-to-date: /home/walrus/Ultima/install/camera_lite_interfaces/include/camera_lite_interfaces/camera_lite_interfaces/srv/detail/dds_fastrtps
-- Up-to-date: /home/walrus/Ultima/install/camera_lite_interfaces/lib/libcamera_lite_interfaces__rosidl_typesupport_fastrtps_cpp.so
-- Up-to-date: /home/walrus/Ultima/install/camera_lite_interfaces/include/camera_lite_interfaces/camera_lite_interfaces
-- Up-to-date: /home/walrus/Ultima/install/camera_lite_interfaces/include/camera_lite_interfaces/camera_lite_interfaces/srv
-- Up-to-date: /home/walrus/Ultima/install/camera_lite_interfaces/include/camera_lite_interfaces/camera_lite_interfaces/srv/detail
-- Up-to-date: /home/walrus/Ultima/install/camera_lite_interfaces/include/camera_lite_interfaces/camera_lite_interfaces/srv/detail/save__type_support.cpp
-- Up-to-date: /home/walrus/Ultima/install/camera_lite_interfaces/include/camera_lite_interfaces/camera_lite_interfaces/srv/detail/save__rosidl_typesupport_introspection_cpp.hpp
-- Up-to-date: /home/walrus/Ultima/install/camera_lite_interfaces/lib/libcamera_lite_interfaces__rosidl_typesupport_introspection_cpp.so
-- Up-to-date: /home/walrus/Ultima/install/camera_lite_interfaces/lib/libcamera_lite_interfaces__rosidl_typesupport_cpp.so
-- Up-to-date: /home/walrus/Ultima/install/camera_lite_interfaces/share/camera_lite_interfaces/environment/pythonpath.sh
-- Up-to-date: /home/walrus/Ultima/install/camera_lite_interfaces/share/camera_lite_interfaces/environment/pythonpath.dsv
-- Up-to-date: /home/walrus/Ultima/install/camera_lite_interfaces/local/lib/python3.10/dist-packages/camera_lite_interfaces-1.0.0-py3.10.egg-info
-- Installing: /home/walrus/Ultima/install/camera_lite_interfaces/local/lib/python3.10/dist-packages/camera_lite_interfaces-1.0.0-py3.10.egg-info/dependency_links.txt
-- Installing: /home/walrus/Ultima/install/camera_lite_interfaces/local/lib/python3.10/dist-packages/camera_lite_interfaces-1.0.0-py3.10.egg-info/top_level.txt
-- Installing: /home/walrus/Ultima/install/camera_lite_interfaces/local/lib/python3.10/dist-packages/camera_lite_interfaces-1.0.0-py3.10.egg-info/PKG-INFO
-- Installing: /home/walrus/Ultima/install/camera_lite_interfaces/local/lib/python3.10/dist-packages/camera_lite_interfaces-1.0.0-py3.10.egg-info/SOURCES.txt
-- Up-to-date: /home/walrus/Ultima/install/camera_lite_interfaces/local/lib/python3.10/dist-packages/camera_lite_interfaces
-- Up-to-date: /home/walrus/Ultima/install/camera_lite_interfaces/local/lib/python3.10/dist-packages/camera_lite_interfaces/_camera_lite_interfaces_s.ep.rosidl_typesupport_c.c
-- Up-to-date: /home/walrus/Ultima/install/camera_lite_interfaces/local/lib/python3.10/dist-packages/camera_lite_interfaces/_camera_lite_interfaces_s.ep.rosidl_typesupport_fastrtps_c.c
-- Up-to-date: /home/walrus/Ultima/install/camera_lite_interfaces/local/lib/python3.10/dist-packages/camera_lite_interfaces/camera_lite_interfaces_s__rosidl_typesupport_c.cpython-310-x86_64-linux-gnu.so
-- Up-to-date: /home/walrus/Ultima/install/camera_lite_interfaces/local/lib/python3.10/dist-packages/camera_lite_interfaces/libcamera_lite_interfaces__rosidl_generator_py.so
-- Up-to-date: /home/walrus/Ultima/install/camera_lite_interfaces/local/lib/python3.10/dist-packages/camera_lite_interfaces/camera_lite_interfaces_s__rosidl_typesupport_introspection_c.cpython-310-x86_64-linux-gnu.so
-- Up-to-date: /home/walrus/Ultima/install/camera_lite_interfaces/local/lib/python3.10/dist-packages/camera_lite_interfaces/srv
-- Up-to-date: /home/walrus/Ultima/install/camera_lite_interfaces/local/lib/python3.10/dist-packages/camera_lite_interfaces/srv/_save.py
-- Up-to-date: /home/walrus/Ultima/install/camera_lite_interfaces/local/lib/python3.10/dist-packages/camera_lite_interfaces/srv/__init__.py
-- Up-to-date: /home/walrus/Ultima/install/camera_lite_interfaces/local/lib/python3.10/dist-packages/camera_lite_interfaces/srv/_save_s.c
-- Up-to-date: /home/walrus/Ultima/install/camera_lite_interfaces/local/lib/python3.10/dist-packages/camera_lite_interfaces/camera_lite_interfaces_s__rosidl_typesupport_fastrtps_c.cpython-310-x86_64-linux-gnu.so
-- Up-to-date: /home/walrus/Ultima/install/camera_lite_interfaces/local/lib/python3.10/dist-packages/camera_lite_interfaces/__init__.py
-- Up-to-date: /home/walrus/Ultima/install/camera_lite_interfaces/local/lib/python3.10/dist-packages/camera_lite_interfaces/_camera_lite_interfaces_s.ep.rosidl_typesupport_introspection_c.c
Listing '/home/walrus/Ultima/install/camera_lite_interfaces/local/lib/python3.10/dist-packages/camera_lite_interfaces'...
Listing '/home/walrus/Ultima/install/camera_lite_interfaces/local/lib/python3.10/dist-packages/camera_lite_interfaces/srv'...
-- Up-to-date: /home/walrus/Ultima/install/camera_lite_interfaces/local/lib/python3.10/dist-packages/camera_lite_interfaces/camera_lite_interfaces_s__rosidl_typesupport_fastrtps_c.cpython-310-x86_64-linux-gnu.so
-- Up-to-date: /home/walrus/Ultima/install/camera_lite_interfaces/local/lib/python3.10/dist-packages/camera_lite_interfaces/camera_lite_interfaces_s__rosidl_typesupport_introspection_c.cpython-310-x86_64-linux-gnu.so
-- Up-to-date: /home/walrus/Ultima/install/camera_lite_interfaces/local/lib/python3.10/dist-packages/camera_lite_interfaces/camera_lite_interfaces_s__rosidl_typesupport_c.cpython-310-x86_64-linux-gnu.so
-- Up-to-date: /home/walrus/Ultima/install/camera_lite_interfaces/lib/libcamera_lite_interfaces__rosidl_generator_py.so
-- Up-to-date: /home/walrus/Ultima/install/camera_lite_interfaces/share/camera_lite_interfaces/srv/Save.idl
-- Up-to-date: /home/walrus/Ultima/install/camera_lite_interfaces/share/camera_lite_interfaces/srv/Save.srv
-- Up-to-date: /home/walrus/Ultima/install/camera_lite_interfaces/share/camera_lite_interfaces/srv/Save_Request.msg
-- Up-to-date: /home/walrus/Ultima/install/camera_lite_interfaces/share/camera_lite_interfaces/srv/Save_Response.msg
-- Up-to-date: /home/walrus/Ultima/install/camera_lite_interfaces/share/ament_index/resource_index/package_run_dependencies/camera_lite_interfaces
-- Up-to-date: /home/walrus/Ultima/install/camera_lite_interfaces/share/ament_index/resource_index/parent_prefix_path/camera_lite_interfaces
-- Up-to-date: /home/walrus/Ultima/install/camera_lite_interfaces/share/camera_lite_interfaces/environment/ament_prefix_path.sh
-- Up-to-date: /home/walrus/Ultima/install/camera_lite_interfaces/share/camera_lite_interfaces/environment/ament_prefix_path.dsv
-- Up-to-date: /home/walrus/Ultima/install/camera_lite_interfaces/share/camera_lite_interfaces/environment/path.sh
-- Up-to-date: /home/walrus/Ultima/install/camera_lite_interfaces/share/camera_lite_interfaces/environment/path.dsv
-- Up-to-date: /home/walrus/Ultima/install/camera_lite_interfaces/share/camera_lite_interfaces/local_setup.bash
-- Up-to-date: /home/walrus/Ultima/install/camera_lite_interfaces/share/camera_lite_interfaces/local_setup.sh
-- Up-to-date: /home/walrus/Ultima/install/camera_lite_interfaces/share/camera_lite_interfaces/local_setup.zsh
-- Up-to-date: /home/walrus/Ultima/install/camera_lite_interfaces/share/camera_lite_interfaces/local_setup.dsv
-- Installing: /home/walrus/Ultima/install/camera_lite_interfaces/share/camera_lite_interfaces/package.dsv
-- Up-to-date: /home/walrus/Ultima/install/camera_lite_interfaces/share/ament_index/resource_index/packages/camera_lite_interfaces
-- Up-to-date: /home/walrus/Ultima/install/camera_lite_interfaces/share/camera_lite_interfaces/cmake/export_camera_lite_interfaces__rosidl_generator_cExport.cmake
-- Up-to-date: /home/walrus/Ultima/install/camera_lite_interfaces/share/camera_lite_interfaces/cmake/export_camera_lite_interfaces__rosidl_generator_cExport-noconfig.cmake
-- Up-to-date: /home/walrus/Ultima/install/camera_lite_interfaces/share/camera_lite_interfaces/cmake/export_camera_lite_interfaces__rosidl_typesupport_fastrtps_cExport.cmake
-- Up-to-date: /home/walrus/Ultima/install/camera_lite_interfaces/share/camera_lite_interfaces/cmake/export_camera_lite_interfaces__rosidl_typesupport_fastrtps_cExport-noconfig.cmake
-- Up-to-date: /home/walrus/Ultima/install/camera_lite_interfaces/share/camera_lite_interfaces/cmake/camera_lite_interfaces__rosidl_typesupport_introspection_cExport.cmake
-- Up-to-date: /home/walrus/Ultima/install/camera_lite_interfaces/share/camera_lite_interfaces/cmake/camera_lite_interfaces__rosidl_typesupport_introspection_cExport-noconfig.cmake
-- Up-to-date: /home/walrus/Ultima/install/camera_lite_interfaces/share/camera_lite_interfaces/cmake/camera_lite_interfaces__rosidl_typesupport_cExport.cmake
-- Up-to-date: /home/walrus/Ultima/install/camera_lite_interfaces/share/camera_lite_interfaces/cmake/camera_lite_interfaces__rosidl_typesupport_cExport-noconfig.cmake
-- Up-to-date: /home/walrus/Ultima/install/camera_lite_interfaces/share/camera_lite_interfaces/cmake/export_camera_lite_interfaces__rosidl_generator_cppExport.cmake
-- Up-to-date: /home/walrus/Ultima/install/camera_lite_interfaces/share/camera_lite_interfaces/cmake/export_camera_lite_interfaces__rosidl_typesupport_fastrtps_cppExport.cmake
-- Up-to-date: /home/walrus/Ultima/install/camera_lite_interfaces/share/camera_lite_interfaces/cmake/export_camera_lite_interfaces__rosidl_typesupport_fastrtps_cppExport-noconfig.cmake
-- Up-to-date: /home/walrus/Ultima/install/camera_lite_interfaces/share/camera_lite_interfaces/cmake/camera_lite_interfaces__rosidl_typesupport_introspection_cppExport.cmake
-- Up-to-date: /home/walrus/Ultima/install/camera_lite_interfaces/share/camera_lite_interfaces/cmake/camera_lite_interfaces__rosidl_typesupport_introspection_cppExport-noconfig.cmake
-- Up-to-date: /home/walrus/Ultima/install/camera_lite_interfaces/share/camera_lite_interfaces/cmake/camera_lite_interfaces__rosidl_typesupport_cppExport.cmake
-- Up-to-date: /home/walrus/Ultima/install/camera_lite_interfaces/share/camera_lite_interfaces/cmake/camera_lite_interfaces__rosidl_typesupport_cppExport-noconfig.cmake
-- Up-to-date: /home/walrus/Ultima/install/camera_lite_interfaces/share/camera_lite_interfaces/cmake/export_camera_lite_interfaces__rosidl_generator_pyExport.cmake
-- Up-to-date: /home/walrus/Ultima/install/camera_lite_interfaces/share/camera_lite_interfaces/cmake/export_camera_lite_interfaces__rosidl_generator_pyExport-noconfig.cmake
-- Up-to-date: /home/walrus/Ultima/install/camera_lite_interfaces/share/camera_lite_interfaces/cmake/rosidl_cmake-extras.cmake
-- Up-to-date: /home/walrus/Ultima/install/camera_lite_interfaces/share/camera_lite_interfaces/cmake/ament_cmake_export_dependencies-extras.cmake
-- Up-to-date: /home/walrus/Ultima/install/camera_lite_interfaces/share/camera_lite_interfaces/cmake/ament_cmake_export_include_directories-extras.cmake
-- Up-to-date: /home/walrus/Ultima/install/camera_lite_interfaces/share/camera_lite_interfaces/cmake/ament_cmake_export_libraries-extras.cmake
-- Up-to-date: /home/walrus/Ultima/install/camera_lite_interfaces/share/camera_lite_interfaces/cmake/ament_cmake_export_targets-extras.cmake
-- Up-to-date: /home/walrus/Ultima/install/camera_lite_interfaces/share/camera_lite_interfaces/cmake/rosidl_cmake_export_typesupport_targets-extras.cmake
-- Up-to-date: /home/walrus/Ultima/install/camera_lite_interfaces/share/camera_lite_interfaces/cmake/rosidl_cmake_export_typesupport_libraries-extras.cmake
-- Up-to-date: /home/walrus/Ultima/install/camera_lite_interfaces/share/camera_lite_interfaces/cmake/camera_lite_interfacesConfig.cmake
-- Up-to-date: /home/walrus/Ultima/install/camera_lite_interfaces/share/camera_lite_interfaces/cmake/camera_lite_interfacesConfig-version.cmake
-- Up-to-date: /home/walrus/Ultima/install/camera_lite_interfaces/share/camera_lite_interfaces/package.xml
