-- The C compiler identification is GNU 11.2.0
-- The CXX compiler identification is GNU 11.2.0
-- Detecting C compiler ABI info
-- Detecting C compiler ABI info - done
-- Check for working C compiler: /usr/bin/cc - skipped
-- Detecting C compile features
-- Detecting C compile features - done
-- Detecting CXX compiler ABI info
-- Detecting CXX compiler ABI info - done
-- Check for working CXX compiler: /usr/bin/c++ - skipped
-- Detecting CXX compile features
-- Detecting CXX compile features - done
-- Found ament_cmake: 1.3.2 (/opt/ros/humble/share/ament_cmake/cmake)
-- Found Python3: /usr/bin/python3.10 (found version "3.10.6") found components: Interpreter 
-- Found rosidl_default_generators: 1.2.0 (/opt/ros/humble/share/rosidl_default_generators/cmake)
-- Using all available rosidl_typesupport_c: rosidl_typesupport_fastrtps_c;rosidl_typesupport_introspection_c
-- Found rosidl_adapter: 3.1.3 (/opt/ros/humble/share/rosidl_adapter/cmake)
-- Using all available rosidl_typesupport_cpp: rosidl_typesupport_fastrtps_cpp;rosidl_typesupport_introspection_cpp
-- Found std_msgs: 4.2.2 (/opt/ros/humble/share/std_msgs/cmake)
-- Found ament_cmake_ros: 0.10.0 (/opt/ros/humble/share/ament_cmake_ros/cmake)
-- Using all available rosidl_typesupport_c: rosidl_typesupport_fastrtps_c;rosidl_typesupport_introspection_c
-- Using all available rosidl_typesupport_cpp: rosidl_typesupport_fastrtps_cpp;rosidl_typesupport_introspection_cpp
-- Found PythonInterp: /usr/bin/python3 (found suitable version "3.10.6", minimum required is "3.6") 
-- Found python_cmake_module: 0.10.0 (/opt/ros/humble/share/python_cmake_module/cmake)
-- Found PythonLibs: /usr/lib/x86_64-linux-gnu/libpython3.10.so (found suitable version "3.10.6", minimum required is "3.5") 
-- Using PYTHON_EXECUTABLE: /usr/bin/python3
-- Using PYTHON_INCLUDE_DIRS: /usr/include/python3.10
-- Using PYTHON_LIBRARIES: /usr/lib/x86_64-linux-gnu/libpython3.10.so
-- Found PythonExtra: .so  
-- Found ament_lint_auto: 0.12.4 (/opt/ros/humble/share/ament_lint_auto/cmake)
-- Added test 'copyright' to check source files copyright and LICENSE
-- Added test 'lint_cmake' to check CMake code style
-- Added test 'xmllint' to check XML markup files
-- Configuring done
-- Generating done
-- Build files have been written to: /home/walrus/Ultima/build/camera_lite_interfaces
[  3%] [34m[1mGenerating C code for ROS interfaces[0m
[  6%] [34m[1mGenerating C++ code for ROS interfaces[0m
[  6%] Built target ament_cmake_python_copy_camera_lite_interfaces
running egg_info
creating camera_lite_interfaces.egg-info
writing camera_lite_interfaces.egg-info/PKG-INFO
writing dependency_links to camera_lite_interfaces.egg-info/dependency_links.txt
writing top-level names to camera_lite_interfaces.egg-info/top_level.txt
writing manifest file 'camera_lite_interfaces.egg-info/SOURCES.txt'
reading manifest file 'camera_lite_interfaces.egg-info/SOURCES.txt'
writing manifest file 'camera_lite_interfaces.egg-info/SOURCES.txt'
[  6%] Built target ament_cmake_python_build_camera_lite_interfaces_egg
[  6%] Built target camera_lite_interfaces__cpp
[  9%] [34m[1mGenerating C++ type support dispatch for ROS interfaces[0m
[ 16%] [34m[1mGenerating C++ introspection for ROS interfaces[0m
[ 16%] [34m[1mGenerating C++ type support for eProsima Fast-RTPS[0m
[ 19%] [32mBuilding C object CMakeFiles/camera_lite_interfaces__rosidl_generator_c.dir/rosidl_generator_c/camera_lite_interfaces/srv/detail/save__functions.c.o[0m
[ 22%] [32mBuilding CXX object CMakeFiles/camera_lite_interfaces__rosidl_typesupport_cpp.dir/rosidl_typesupport_cpp/camera_lite_interfaces/srv/save__type_support.cpp.o[0m
[ 25%] [32mBuilding CXX object CMakeFiles/camera_lite_interfaces__rosidl_typesupport_introspection_cpp.dir/rosidl_typesupport_introspection_cpp/camera_lite_interfaces/srv/detail/save__type_support.cpp.o[0m
[ 29%] [32mBuilding CXX object CMakeFiles/camera_lite_interfaces__rosidl_typesupport_fastrtps_cpp.dir/rosidl_typesupport_fastrtps_cpp/camera_lite_interfaces/srv/detail/dds_fastrtps/save__type_support.cpp.o[0m
[ 32%] [32m[1mLinking C shared library libcamera_lite_interfaces__rosidl_generator_c.so[0m
[ 32%] Built target camera_lite_interfaces__rosidl_generator_c
[ 41%] [34m[1mGenerating C type support dispatch for ROS interfaces[0m
[ 41%] [34m[1mGenerating C type support for eProsima Fast-RTPS[0m
[ 41%] [34m[1mGenerating C introspection for ROS interfaces[0m
[ 45%] [32mBuilding CXX object CMakeFiles/camera_lite_interfaces__rosidl_typesupport_c.dir/rosidl_typesupport_c/camera_lite_interfaces/srv/save__type_support.cpp.o[0m
[ 48%] [32mBuilding C object CMakeFiles/camera_lite_interfaces__rosidl_typesupport_introspection_c.dir/rosidl_typesupport_introspection_c/camera_lite_interfaces/srv/detail/save__type_support.c.o[0m
[ 51%] [32mBuilding CXX object CMakeFiles/camera_lite_interfaces__rosidl_typesupport_fastrtps_c.dir/rosidl_typesupport_fastrtps_c/camera_lite_interfaces/srv/detail/save__type_support_c.cpp.o[0m
[ 54%] [32m[1mLinking C shared library libcamera_lite_interfaces__rosidl_typesupport_introspection_c.so[0m
[ 58%] [32m[1mLinking CXX shared library libcamera_lite_interfaces__rosidl_typesupport_c.so[0m
[ 58%] Built target camera_lite_interfaces__rosidl_typesupport_introspection_c
[ 58%] Built target camera_lite_interfaces__rosidl_typesupport_c
[ 61%] [32m[1mLinking CXX shared library libcamera_lite_interfaces__rosidl_typesupport_cpp.so[0m
[ 61%] Built target camera_lite_interfaces__rosidl_typesupport_cpp
[ 64%] [32m[1mLinking CXX shared library libcamera_lite_interfaces__rosidl_typesupport_introspection_cpp.so[0m
[ 64%] Built target camera_lite_interfaces__rosidl_typesupport_introspection_cpp
[ 70%] [32m[1mLinking CXX shared library libcamera_lite_interfaces__rosidl_typesupport_fastrtps_cpp.so[0m
[ 70%] [32m[1mLinking CXX shared library libcamera_lite_interfaces__rosidl_typesupport_fastrtps_c.so[0m
[ 70%] Built target camera_lite_interfaces__rosidl_typesupport_fastrtps_cpp
[ 70%] Built target camera_lite_interfaces__rosidl_typesupport_fastrtps_c
[ 70%] Built target camera_lite_interfaces
[ 74%] [34m[1mGenerating Python code for ROS interfaces[0m
[ 74%] Built target camera_lite_interfaces__py
[ 77%] [32mBuilding C object CMakeFiles/camera_lite_interfaces__rosidl_generator_py.dir/rosidl_generator_py/camera_lite_interfaces/srv/_save_s.c.o[0m
[ 80%] [32m[1mLinking C shared library rosidl_generator_py/camera_lite_interfaces/libcamera_lite_interfaces__rosidl_generator_py.so[0m
[ 80%] Built target camera_lite_interfaces__rosidl_generator_py
[ 90%] [32mBuilding C object CMakeFiles/camera_lite_interfaces__rosidl_typesupport_c__pyext.dir/rosidl_generator_py/camera_lite_interfaces/_camera_lite_interfaces_s.ep.rosidl_typesupport_c.c.o[0m
[ 90%] [32mBuilding C object CMakeFiles/camera_lite_interfaces__rosidl_typesupport_fastrtps_c__pyext.dir/rosidl_generator_py/camera_lite_interfaces/_camera_lite_interfaces_s.ep.rosidl_typesupport_fastrtps_c.c.o[0m
[ 90%] [32mBuilding C object CMakeFiles/camera_lite_interfaces__rosidl_typesupport_introspection_c__pyext.dir/rosidl_generator_py/camera_lite_interfaces/_camera_lite_interfaces_s.ep.rosidl_typesupport_introspection_c.c.o[0m
[ 93%] [32m[1mLinking C shared library rosidl_generator_py/camera_lite_interfaces/camera_lite_interfaces_s__rosidl_typesupport_introspection_c.cpython-310-x86_64-linux-gnu.so[0m
[ 96%] [32m[1mLinking C shared library rosidl_generator_py/camera_lite_interfaces/camera_lite_interfaces_s__rosidl_typesupport_c.cpython-310-x86_64-linux-gnu.so[0m
[100%] [32m[1mLinking C shared library rosidl_generator_py/camera_lite_interfaces/camera_lite_interfaces_s__rosidl_typesupport_fastrtps_c.cpython-310-x86_64-linux-gnu.so[0m
[100%] Built target camera_lite_interfaces__rosidl_typesupport_introspection_c__pyext
[100%] Built target camera_lite_interfaces__rosidl_typesupport_c__pyext
[100%] Built target camera_lite_interfaces__rosidl_typesupport_fastrtps_c__pyext
-- Install configuration: ""
-- Installing: /home/walrus/Ultima/install/camera_lite_interfaces/share/ament_index/resource_index/rosidl_interfaces/camera_lite_interfaces
-- Installing: /home/walrus/Ultima/install/camera_lite_interfaces/include/camera_lite_interfaces/camera_lite_interfaces
-- Installing: /home/walrus/Ultima/install/camera_lite_interfaces/include/camera_lite_interfaces/camera_lite_interfaces/msg
-- Installing: /home/walrus/Ultima/install/camera_lite_interfaces/include/camera_lite_interfaces/camera_lite_interfaces/msg/rosidl_generator_c__visibility_control.h
-- Installing: /home/walrus/Ultima/install/camera_lite_interfaces/include/camera_lite_interfaces/camera_lite_interfaces/srv
-- Installing: /home/walrus/Ultima/install/camera_lite_interfaces/include/camera_lite_interfaces/camera_lite_interfaces/srv/detail
-- Installing: /home/walrus/Ultima/install/camera_lite_interfaces/include/camera_lite_interfaces/camera_lite_interfaces/srv/detail/save__functions.h
-- Installing: /home/walrus/Ultima/install/camera_lite_interfaces/include/camera_lite_interfaces/camera_lite_interfaces/srv/detail/save__struct.h
-- Installing: /home/walrus/Ultima/install/camera_lite_interfaces/include/camera_lite_interfaces/camera_lite_interfaces/srv/detail/save__type_support.h
-- Installing: /home/walrus/Ultima/install/camera_lite_interfaces/include/camera_lite_interfaces/camera_lite_interfaces/srv/detail/save__functions.c
-- Installing: /home/walrus/Ultima/install/camera_lite_interfaces/include/camera_lite_interfaces/camera_lite_interfaces/srv/save.h
-- Installing: /home/walrus/Ultima/install/camera_lite_interfaces/share/camera_lite_interfaces/environment/library_path.sh
-- Installing: /home/walrus/Ultima/install/camera_lite_interfaces/share/camera_lite_interfaces/environment/library_path.dsv
-- Installing: /home/walrus/Ultima/install/camera_lite_interfaces/lib/libcamera_lite_interfaces__rosidl_generator_c.so
-- Set runtime path of "/home/walrus/Ultima/install/camera_lite_interfaces/lib/libcamera_lite_interfaces__rosidl_generator_c.so" to ""
-- Up-to-date: /home/walrus/Ultima/install/camera_lite_interfaces/include/camera_lite_interfaces/camera_lite_interfaces
-- Up-to-date: /home/walrus/Ultima/install/camera_lite_interfaces/include/camera_lite_interfaces/camera_lite_interfaces/msg
-- Installing: /home/walrus/Ultima/install/camera_lite_interfaces/include/camera_lite_interfaces/camera_lite_interfaces/msg/rosidl_typesupport_fastrtps_c__visibility_control.h
-- Up-to-date: /home/walrus/Ultima/install/camera_lite_interfaces/include/camera_lite_interfaces/camera_lite_interfaces/srv
-- Up-to-date: /home/walrus/Ultima/install/camera_lite_interfaces/include/camera_lite_interfaces/camera_lite_interfaces/srv/detail
-- Installing: /home/walrus/Ultima/install/camera_lite_interfaces/include/camera_lite_interfaces/camera_lite_interfaces/srv/detail/save__rosidl_typesupport_fastrtps_c.h
-- Installing: /home/walrus/Ultima/install/camera_lite_interfaces/lib/libcamera_lite_interfaces__rosidl_typesupport_fastrtps_c.so
-- Set runtime path of "/home/walrus/Ultima/install/camera_lite_interfaces/lib/libcamera_lite_interfaces__rosidl_typesupport_fastrtps_c.so" to ""
-- Up-to-date: /home/walrus/Ultima/install/camera_lite_interfaces/include/camera_lite_interfaces/camera_lite_interfaces
-- Up-to-date: /home/walrus/Ultima/install/camera_lite_interfaces/include/camera_lite_interfaces/camera_lite_interfaces/msg
-- Installing: /home/walrus/Ultima/install/camera_lite_interfaces/include/camera_lite_interfaces/camera_lite_interfaces/msg/rosidl_typesupport_introspection_c__visibility_control.h
-- Up-to-date: /home/walrus/Ultima/install/camera_lite_interfaces/include/camera_lite_interfaces/camera_lite_interfaces/srv
-- Up-to-date: /home/walrus/Ultima/install/camera_lite_interfaces/include/camera_lite_interfaces/camera_lite_interfaces/srv/detail
-- Installing: /home/walrus/Ultima/install/camera_lite_interfaces/include/camera_lite_interfaces/camera_lite_interfaces/srv/detail/save__rosidl_typesupport_introspection_c.h
-- Installing: /home/walrus/Ultima/install/camera_lite_interfaces/include/camera_lite_interfaces/camera_lite_interfaces/srv/detail/save__type_support.c
-- Installing: /home/walrus/Ultima/install/camera_lite_interfaces/lib/libcamera_lite_interfaces__rosidl_typesupport_introspection_c.so
-- Set runtime path of "/home/walrus/Ultima/install/camera_lite_interfaces/lib/libcamera_lite_interfaces__rosidl_typesupport_introspection_c.so" to ""
-- Installing: /home/walrus/Ultima/install/camera_lite_interfaces/lib/libcamera_lite_interfaces__rosidl_typesupport_c.so
-- Set runtime path of "/home/walrus/Ultima/install/camera_lite_interfaces/lib/libcamera_lite_interfaces__rosidl_typesupport_c.so" to ""
-- Up-to-date: /home/walrus/Ultima/install/camera_lite_interfaces/include/camera_lite_interfaces/camera_lite_interfaces
-- Up-to-date: /home/walrus/Ultima/install/camera_lite_interfaces/include/camera_lite_interfaces/camera_lite_interfaces/srv
-- Up-to-date: /home/walrus/Ultima/install/camera_lite_interfaces/include/camera_lite_interfaces/camera_lite_interfaces/srv/detail
-- Installing: /home/walrus/Ultima/install/camera_lite_interfaces/include/camera_lite_interfaces/camera_lite_interfaces/srv/detail/save__struct.hpp
-- Installing: /home/walrus/Ultima/install/camera_lite_interfaces/include/camera_lite_interfaces/camera_lite_interfaces/srv/detail/save__traits.hpp
-- Installing: /home/walrus/Ultima/install/camera_lite_interfaces/include/camera_lite_interfaces/camera_lite_interfaces/srv/detail/save__builder.hpp
-- Installing: /home/walrus/Ultima/install/camera_lite_interfaces/include/camera_lite_interfaces/camera_lite_interfaces/srv/save.hpp
-- Up-to-date: /home/walrus/Ultima/install/camera_lite_interfaces/include/camera_lite_interfaces/camera_lite_interfaces
-- Up-to-date: /home/walrus/Ultima/install/camera_lite_interfaces/include/camera_lite_interfaces/camera_lite_interfaces/msg
-- Installing: /home/walrus/Ultima/install/camera_lite_interfaces/include/camera_lite_interfaces/camera_lite_interfaces/msg/rosidl_typesupport_fastrtps_cpp__visibility_control.h
-- Up-to-date: /home/walrus/Ultima/install/camera_lite_interfaces/include/camera_lite_interfaces/camera_lite_interfaces/srv
-- Up-to-date: /home/walrus/Ultima/install/camera_lite_interfaces/include/camera_lite_interfaces/camera_lite_interfaces/srv/detail
-- Installing: /home/walrus/Ultima/install/camera_lite_interfaces/include/camera_lite_interfaces/camera_lite_interfaces/srv/detail/save__rosidl_typesupport_fastrtps_cpp.hpp
-- Installing: /home/walrus/Ultima/install/camera_lite_interfaces/include/camera_lite_interfaces/camera_lite_interfaces/srv/detail/dds_fastrtps
-- Installing: /home/walrus/Ultima/install/camera_lite_interfaces/lib/libcamera_lite_interfaces__rosidl_typesupport_fastrtps_cpp.so
-- Set runtime path of "/home/walrus/Ultima/install/camera_lite_interfaces/lib/libcamera_lite_interfaces__rosidl_typesupport_fastrtps_cpp.so" to ""
-- Up-to-date: /home/walrus/Ultima/install/camera_lite_interfaces/include/camera_lite_interfaces/camera_lite_interfaces
-- Up-to-date: /home/walrus/Ultima/install/camera_lite_interfaces/include/camera_lite_interfaces/camera_lite_interfaces/srv
-- Up-to-date: /home/walrus/Ultima/install/camera_lite_interfaces/include/camera_lite_interfaces/camera_lite_interfaces/srv/detail
-- Installing: /home/walrus/Ultima/install/camera_lite_interfaces/include/camera_lite_interfaces/camera_lite_interfaces/srv/detail/save__type_support.cpp
-- Installing: /home/walrus/Ultima/install/camera_lite_interfaces/include/camera_lite_interfaces/camera_lite_interfaces/srv/detail/save__rosidl_typesupport_introspection_cpp.hpp
-- Installing: /home/walrus/Ultima/install/camera_lite_interfaces/lib/libcamera_lite_interfaces__rosidl_typesupport_introspection_cpp.so
-- Set runtime path of "/home/walrus/Ultima/install/camera_lite_interfaces/lib/libcamera_lite_interfaces__rosidl_typesupport_introspection_cpp.so" to ""
-- Installing: /home/walrus/Ultima/install/camera_lite_interfaces/lib/libcamera_lite_interfaces__rosidl_typesupport_cpp.so
-- Set runtime path of "/home/walrus/Ultima/install/camera_lite_interfaces/lib/libcamera_lite_interfaces__rosidl_typesupport_cpp.so" to ""
-- Installing: /home/walrus/Ultima/install/camera_lite_interfaces/share/camera_lite_interfaces/environment/pythonpath.sh
-- Installing: /home/walrus/Ultima/install/camera_lite_interfaces/share/camera_lite_interfaces/environment/pythonpath.dsv
-- Installing: /home/walrus/Ultima/install/camera_lite_interfaces/local/lib/python3.10/dist-packages/camera_lite_interfaces-1.0.0-py3.10.egg-info
-- Installing: /home/walrus/Ultima/install/camera_lite_interfaces/local/lib/python3.10/dist-packages/camera_lite_interfaces-1.0.0-py3.10.egg-info/dependency_links.txt
-- Installing: /home/walrus/Ultima/install/camera_lite_interfaces/local/lib/python3.10/dist-packages/camera_lite_interfaces-1.0.0-py3.10.egg-info/top_level.txt
-- Installing: /home/walrus/Ultima/install/camera_lite_interfaces/local/lib/python3.10/dist-packages/camera_lite_interfaces-1.0.0-py3.10.egg-info/PKG-INFO
-- Installing: /home/walrus/Ultima/install/camera_lite_interfaces/local/lib/python3.10/dist-packages/camera_lite_interfaces-1.0.0-py3.10.egg-info/SOURCES.txt
-- Installing: /home/walrus/Ultima/install/camera_lite_interfaces/local/lib/python3.10/dist-packages/camera_lite_interfaces
-- Installing: /home/walrus/Ultima/install/camera_lite_interfaces/local/lib/python3.10/dist-packages/camera_lite_interfaces/_camera_lite_interfaces_s.ep.rosidl_typesupport_c.c
-- Installing: /home/walrus/Ultima/install/camera_lite_interfaces/local/lib/python3.10/dist-packages/camera_lite_interfaces/_camera_lite_interfaces_s.ep.rosidl_typesupport_fastrtps_c.c
-- Installing: /home/walrus/Ultima/install/camera_lite_interfaces/local/lib/python3.10/dist-packages/camera_lite_interfaces/camera_lite_interfaces_s__rosidl_typesupport_c.cpython-310-x86_64-linux-gnu.so
-- Installing: /home/walrus/Ultima/install/camera_lite_interfaces/local/lib/python3.10/dist-packages/camera_lite_interfaces/libcamera_lite_interfaces__rosidl_generator_py.so
-- Installing: /home/walrus/Ultima/install/camera_lite_interfaces/local/lib/python3.10/dist-packages/camera_lite_interfaces/camera_lite_interfaces_s__rosidl_typesupport_introspection_c.cpython-310-x86_64-linux-gnu.so
-- Installing: /home/walrus/Ultima/install/camera_lite_interfaces/local/lib/python3.10/dist-packages/camera_lite_interfaces/srv
-- Installing: /home/walrus/Ultima/install/camera_lite_interfaces/local/lib/python3.10/dist-packages/camera_lite_interfaces/srv/_save.py
-- Installing: /home/walrus/Ultima/install/camera_lite_interfaces/local/lib/python3.10/dist-packages/camera_lite_interfaces/srv/__init__.py
-- Installing: /home/walrus/Ultima/install/camera_lite_interfaces/local/lib/python3.10/dist-packages/camera_lite_interfaces/srv/_save_s.c
-- Installing: /home/walrus/Ultima/install/camera_lite_interfaces/local/lib/python3.10/dist-packages/camera_lite_interfaces/camera_lite_interfaces_s__rosidl_typesupport_fastrtps_c.cpython-310-x86_64-linux-gnu.so
-- Installing: /home/walrus/Ultima/install/camera_lite_interfaces/local/lib/python3.10/dist-packages/camera_lite_interfaces/__init__.py
-- Installing: /home/walrus/Ultima/install/camera_lite_interfaces/local/lib/python3.10/dist-packages/camera_lite_interfaces/_camera_lite_interfaces_s.ep.rosidl_typesupport_introspection_c.c
Listing '/home/walrus/Ultima/install/camera_lite_interfaces/local/lib/python3.10/dist-packages/camera_lite_interfaces'...
Compiling '/home/walrus/Ultima/install/camera_lite_interfaces/local/lib/python3.10/dist-packages/camera_lite_interfaces/__init__.py'...
Listing '/home/walrus/Ultima/install/camera_lite_interfaces/local/lib/python3.10/dist-packages/camera_lite_interfaces/srv'...
Compiling '/home/walrus/Ultima/install/camera_lite_interfaces/local/lib/python3.10/dist-packages/camera_lite_interfaces/srv/__init__.py'...
Compiling '/home/walrus/Ultima/install/camera_lite_interfaces/local/lib/python3.10/dist-packages/camera_lite_interfaces/srv/_save.py'...
-- Installing: /home/walrus/Ultima/install/camera_lite_interfaces/local/lib/python3.10/dist-packages/camera_lite_interfaces/camera_lite_interfaces_s__rosidl_typesupport_fastrtps_c.cpython-310-x86_64-linux-gnu.so
-- Set runtime path of "/home/walrus/Ultima/install/camera_lite_interfaces/local/lib/python3.10/dist-packages/camera_lite_interfaces/camera_lite_interfaces_s__rosidl_typesupport_fastrtps_c.cpython-310-x86_64-linux-gnu.so" to ""
-- Installing: /home/walrus/Ultima/install/camera_lite_interfaces/local/lib/python3.10/dist-packages/camera_lite_interfaces/camera_lite_interfaces_s__rosidl_typesupport_introspection_c.cpython-310-x86_64-linux-gnu.so
-- Set runtime path of "/home/walrus/Ultima/install/camera_lite_interfaces/local/lib/python3.10/dist-packages/camera_lite_interfaces/camera_lite_interfaces_s__rosidl_typesupport_introspection_c.cpython-310-x86_64-linux-gnu.so" to ""
-- Installing: /home/walrus/Ultima/install/camera_lite_interfaces/local/lib/python3.10/dist-packages/camera_lite_interfaces/camera_lite_interfaces_s__rosidl_typesupport_c.cpython-310-x86_64-linux-gnu.so
-- Set runtime path of "/home/walrus/Ultima/install/camera_lite_interfaces/local/lib/python3.10/dist-packages/camera_lite_interfaces/camera_lite_interfaces_s__rosidl_typesupport_c.cpython-310-x86_64-linux-gnu.so" to ""
-- Installing: /home/walrus/Ultima/install/camera_lite_interfaces/lib/libcamera_lite_interfaces__rosidl_generator_py.so
-- Set runtime path of "/home/walrus/Ultima/install/camera_lite_interfaces/lib/libcamera_lite_interfaces__rosidl_generator_py.so" to ""
-- Installing: /home/walrus/Ultima/install/camera_lite_interfaces/share/camera_lite_interfaces/srv/Save.idl
-- Installing: /home/walrus/Ultima/install/camera_lite_interfaces/share/camera_lite_interfaces/srv/Save.srv
-- Installing: /home/walrus/Ultima/install/camera_lite_interfaces/share/camera_lite_interfaces/srv/Save_Request.msg
-- Installing: /home/walrus/Ultima/install/camera_lite_interfaces/share/camera_lite_interfaces/srv/Save_Response.msg
-- Installing: /home/walrus/Ultima/install/camera_lite_interfaces/share/ament_index/resource_index/package_run_dependencies/camera_lite_interfaces
-- Installing: /home/walrus/Ultima/install/camera_lite_interfaces/share/ament_index/resource_index/parent_prefix_path/camera_lite_interfaces
-- Installing: /home/walrus/Ultima/install/camera_lite_interfaces/share/camera_lite_interfaces/environment/ament_prefix_path.sh
-- Installing: /home/walrus/Ultima/install/camera_lite_interfaces/share/camera_lite_interfaces/environment/ament_prefix_path.dsv
-- Installing: /home/walrus/Ultima/install/camera_lite_interfaces/share/camera_lite_interfaces/environment/path.sh
-- Installing: /home/walrus/Ultima/install/camera_lite_interfaces/share/camera_lite_interfaces/environment/path.dsv
-- Installing: /home/walrus/Ultima/install/camera_lite_interfaces/share/camera_lite_interfaces/local_setup.bash
-- Installing: /home/walrus/Ultima/install/camera_lite_interfaces/share/camera_lite_interfaces/local_setup.sh
-- Installing: /home/walrus/Ultima/install/camera_lite_interfaces/share/camera_lite_interfaces/local_setup.zsh
-- Installing: /home/walrus/Ultima/install/camera_lite_interfaces/share/camera_lite_interfaces/local_setup.dsv
-- Installing: /home/walrus/Ultima/install/camera_lite_interfaces/share/camera_lite_interfaces/package.dsv
-- Installing: /home/walrus/Ultima/install/camera_lite_interfaces/share/ament_index/resource_index/packages/camera_lite_interfaces
-- Installing: /home/walrus/Ultima/install/camera_lite_interfaces/share/camera_lite_interfaces/cmake/export_camera_lite_interfaces__rosidl_generator_cExport.cmake
-- Installing: /home/walrus/Ultima/install/camera_lite_interfaces/share/camera_lite_interfaces/cmake/export_camera_lite_interfaces__rosidl_generator_cExport-noconfig.cmake
-- Installing: /home/walrus/Ultima/install/camera_lite_interfaces/share/camera_lite_interfaces/cmake/export_camera_lite_interfaces__rosidl_typesupport_fastrtps_cExport.cmake
-- Installing: /home/walrus/Ultima/install/camera_lite_interfaces/share/camera_lite_interfaces/cmake/export_camera_lite_interfaces__rosidl_typesupport_fastrtps_cExport-noconfig.cmake
-- Installing: /home/walrus/Ultima/install/camera_lite_interfaces/share/camera_lite_interfaces/cmake/camera_lite_interfaces__rosidl_typesupport_introspection_cExport.cmake
-- Installing: /home/walrus/Ultima/install/camera_lite_interfaces/share/camera_lite_interfaces/cmake/camera_lite_interfaces__rosidl_typesupport_introspection_cExport-noconfig.cmake
-- Installing: /home/walrus/Ultima/install/camera_lite_interfaces/share/camera_lite_interfaces/cmake/camera_lite_interfaces__rosidl_typesupport_cExport.cmake
-- Installing: /home/walrus/Ultima/install/camera_lite_interfaces/share/camera_lite_interfaces/cmake/camera_lite_interfaces__rosidl_typesupport_cExport-noconfig.cmake
-- Installing: /home/walrus/Ultima/install/camera_lite_interfaces/share/camera_lite_interfaces/cmake/export_camera_lite_interfaces__rosidl_generator_cppExport.cmake
-- Installing: /home/walrus/Ultima/install/camera_lite_interfaces/share/camera_lite_interfaces/cmake/export_camera_lite_interfaces__rosidl_typesupport_fastrtps_cppExport.cmake
-- Installing: /home/walrus/Ultima/install/camera_lite_interfaces/share/camera_lite_interfaces/cmake/export_camera_lite_interfaces__rosidl_typesupport_fastrtps_cppExport-noconfig.cmake
-- Installing: /home/walrus/Ultima/install/camera_lite_interfaces/share/camera_lite_interfaces/cmake/camera_lite_interfaces__rosidl_typesupport_introspection_cppExport.cmake
-- Installing: /home/walrus/Ultima/install/camera_lite_interfaces/share/camera_lite_interfaces/cmake/camera_lite_interfaces__rosidl_typesupport_introspection_cppExport-noconfig.cmake
-- Installing: /home/walrus/Ultima/install/camera_lite_interfaces/share/camera_lite_interfaces/cmake/camera_lite_interfaces__rosidl_typesupport_cppExport.cmake
-- Installing: /home/walrus/Ultima/install/camera_lite_interfaces/share/camera_lite_interfaces/cmake/camera_lite_interfaces__rosidl_typesupport_cppExport-noconfig.cmake
-- Installing: /home/walrus/Ultima/install/camera_lite_interfaces/share/camera_lite_interfaces/cmake/export_camera_lite_interfaces__rosidl_generator_pyExport.cmake
-- Installing: /home/walrus/Ultima/install/camera_lite_interfaces/share/camera_lite_interfaces/cmake/export_camera_lite_interfaces__rosidl_generator_pyExport-noconfig.cmake
-- Installing: /home/walrus/Ultima/install/camera_lite_interfaces/share/camera_lite_interfaces/cmake/rosidl_cmake-extras.cmake
-- Installing: /home/walrus/Ultima/install/camera_lite_interfaces/share/camera_lite_interfaces/cmake/ament_cmake_export_dependencies-extras.cmake
-- Installing: /home/walrus/Ultima/install/camera_lite_interfaces/share/camera_lite_interfaces/cmake/ament_cmake_export_include_directories-extras.cmake
-- Installing: /home/walrus/Ultima/install/camera_lite_interfaces/share/camera_lite_interfaces/cmake/ament_cmake_export_libraries-extras.cmake
-- Installing: /home/walrus/Ultima/install/camera_lite_interfaces/share/camera_lite_interfaces/cmake/ament_cmake_export_targets-extras.cmake
-- Installing: /home/walrus/Ultima/install/camera_lite_interfaces/share/camera_lite_interfaces/cmake/rosidl_cmake_export_typesupport_targets-extras.cmake
-- Installing: /home/walrus/Ultima/install/camera_lite_interfaces/share/camera_lite_interfaces/cmake/rosidl_cmake_export_typesupport_libraries-extras.cmake
-- Installing: /home/walrus/Ultima/install/camera_lite_interfaces/share/camera_lite_interfaces/cmake/camera_lite_interfacesConfig.cmake
-- Installing: /home/walrus/Ultima/install/camera_lite_interfaces/share/camera_lite_interfaces/cmake/camera_lite_interfacesConfig-version.cmake
-- Installing: /home/walrus/Ultima/install/camera_lite_interfaces/share/camera_lite_interfaces/package.xml
