[0.116s] Invoking command in '/home/walrus/Ultima/build/camera_lite_interfaces': CMAKE_PREFIX_PATH=/opt/ros/humble /usr/bin/cmake /home/walrus/Ultima/src/camera_lite_interfaces -DCMAKE_INSTALL_PREFIX=/home/walrus/Ultima/install/camera_lite_interfaces
[1.314s] -- The C compiler identification is GNU 11.2.0
[2.133s] -- The CXX compiler identification is GNU 11.2.0
[2.223s] -- Detecting C compiler ABI info
[2.359s] -- Detecting C compiler ABI info - done
[2.365s] -- Check for working C compiler: /usr/bin/cc - skipped
[2.368s] -- Detecting C compile features
[2.376s] -- Detecting C compile features - done
[2.392s] -- Detecting CXX compiler ABI info
[2.500s] -- Detecting CXX compiler ABI info - done
[2.505s] -- Check for working CXX compiler: /usr/bin/c++ - skipped
[2.505s] -- Detecting CXX compile features
[2.505s] -- Detecting CXX compile features - done
[2.640s] -- Found ament_cmake: 1.3.2 (/opt/ros/humble/share/ament_cmake/cmake)
[2.980s] -- Found Python3: /usr/bin/python3.10 (found version "3.10.6") found components: Interpreter 
[3.643s] -- Found rosidl_default_generators: 1.2.0 (/opt/ros/humble/share/rosidl_default_generators/cmake)
[3.687s] -- Using all available rosidl_typesupport_c: rosidl_typesupport_fastrtps_c;rosidl_typesupport_introspection_c
[3.771s] -- Found rosidl_adapter: 3.1.3 (/opt/ros/humble/share/rosidl_adapter/cmake)
[4.211s] -- Using all available rosidl_typesupport_cpp: rosidl_typesupport_fastrtps_cpp;rosidl_typesupport_introspection_cpp
[4.620s] -- Found std_msgs: 4.2.2 (/opt/ros/humble/share/std_msgs/cmake)
[5.248s] -- Found ament_cmake_ros: 0.10.0 (/opt/ros/humble/share/ament_cmake_ros/cmake)
[5.593s] -- Using all available rosidl_typesupport_c: rosidl_typesupport_fastrtps_c;rosidl_typesupport_introspection_c
[5.915s] -- Using all available rosidl_typesupport_cpp: rosidl_typesupport_fastrtps_cpp;rosidl_typesupport_introspection_cpp
[5.939s] -- Found PythonInterp: /usr/bin/python3 (found suitable version "3.10.6", minimum required is "3.6") 
[5.951s] -- Found python_cmake_module: 0.10.0 (/opt/ros/humble/share/python_cmake_module/cmake)
[6.039s] -- Found PythonLibs: /usr/lib/x86_64-linux-gnu/libpython3.10.so (found suitable version "3.10.6", minimum required is "3.5") 
[6.039s] -- Using PYTHON_EXECUTABLE: /usr/bin/python3
[6.039s] -- Using PYTHON_INCLUDE_DIRS: /usr/include/python3.10
[6.040s] -- Using PYTHON_LIBRARIES: /usr/lib/x86_64-linux-gnu/libpython3.10.so
[6.064s] -- Found PythonExtra: .so  
[6.169s] -- Found ament_lint_auto: 0.12.4 (/opt/ros/humble/share/ament_lint_auto/cmake)
[6.515s] -- Added test 'copyright' to check source files copyright and LICENSE
[6.534s] -- Added test 'lint_cmake' to check CMake code style
[6.546s] -- Added test 'xmllint' to check XML markup files
[6.562s] -- Configuring done
[6.634s] -- Generating done
[6.636s] -- Build files have been written to: /home/walrus/Ultima/build/camera_lite_interfaces
[6.640s] Invoked command in '/home/walrus/Ultima/build/camera_lite_interfaces' returned '0': CMAKE_PREFIX_PATH=/opt/ros/humble /usr/bin/cmake /home/walrus/Ultima/src/camera_lite_interfaces -DCMAKE_INSTALL_PREFIX=/home/walrus/Ultima/install/camera_lite_interfaces
[6.642s] Invoking command in '/home/walrus/Ultima/build/camera_lite_interfaces': CMAKE_PREFIX_PATH=/opt/ros/humble /usr/bin/cmake --build /home/walrus/Ultima/build/camera_lite_interfaces -- -j8 -l8
[6.668s] [  3%] [34m[1mGenerating C code for ROS interfaces[0m
[6.674s] [  6%] [34m[1mGenerating C++ code for ROS interfaces[0m
[6.679s] [  6%] Built target ament_cmake_python_copy_camera_lite_interfaces
[6.874s] running egg_info
[6.875s] creating camera_lite_interfaces.egg-info
[6.876s] writing camera_lite_interfaces.egg-info/PKG-INFO
[6.877s] writing dependency_links to camera_lite_interfaces.egg-info/dependency_links.txt
[6.877s] writing top-level names to camera_lite_interfaces.egg-info/top_level.txt
[6.877s] writing manifest file 'camera_lite_interfaces.egg-info/SOURCES.txt'
[6.888s] reading manifest file 'camera_lite_interfaces.egg-info/SOURCES.txt'
[6.889s] writing manifest file 'camera_lite_interfaces.egg-info/SOURCES.txt'
[6.907s] [  6%] Built target ament_cmake_python_build_camera_lite_interfaces_egg
[7.066s] [  6%] Built target camera_lite_interfaces__cpp
[7.073s] [  9%] [34m[1mGenerating C++ type support dispatch for ROS interfaces[0m
[7.074s] [ 16%] [34m[1mGenerating C++ introspection for ROS interfaces[0m
[7.074s] [ 16%] [34m[1mGenerating C++ type support for eProsima Fast-RTPS[0m
[7.085s] [ 19%] [32mBuilding C object CMakeFiles/camera_lite_interfaces__rosidl_generator_c.dir/rosidl_generator_c/camera_lite_interfaces/srv/detail/save__functions.c.o[0m
[7.252s] [ 22%] [32mBuilding CXX object CMakeFiles/camera_lite_interfaces__rosidl_typesupport_cpp.dir/rosidl_typesupport_cpp/camera_lite_interfaces/srv/save__type_support.cpp.o[0m
[7.277s] [ 25%] [32mBuilding CXX object CMakeFiles/camera_lite_interfaces__rosidl_typesupport_introspection_cpp.dir/rosidl_typesupport_introspection_cpp/camera_lite_interfaces/srv/detail/save__type_support.cpp.o[0m
[7.287s] [ 29%] [32mBuilding CXX object CMakeFiles/camera_lite_interfaces__rosidl_typesupport_fastrtps_cpp.dir/rosidl_typesupport_fastrtps_cpp/camera_lite_interfaces/srv/detail/dds_fastrtps/save__type_support.cpp.o[0m
[7.699s] [ 32%] [32m[1mLinking C shared library libcamera_lite_interfaces__rosidl_generator_c.so[0m
[7.788s] [ 32%] Built target camera_lite_interfaces__rosidl_generator_c
[7.794s] [ 41%] [34m[1mGenerating C type support dispatch for ROS interfaces[0m
[7.794s] [ 41%] [34m[1mGenerating C type support for eProsima Fast-RTPS[0m
[7.794s] [ 41%] [34m[1mGenerating C introspection for ROS interfaces[0m
[7.974s] [ 45%] [32mBuilding CXX object CMakeFiles/camera_lite_interfaces__rosidl_typesupport_c.dir/rosidl_typesupport_c/camera_lite_interfaces/srv/save__type_support.cpp.o[0m
[8.001s] [ 48%] [32mBuilding C object CMakeFiles/camera_lite_interfaces__rosidl_typesupport_introspection_c.dir/rosidl_typesupport_introspection_c/camera_lite_interfaces/srv/detail/save__type_support.c.o[0m
[8.012s] [ 51%] [32mBuilding CXX object CMakeFiles/camera_lite_interfaces__rosidl_typesupport_fastrtps_c.dir/rosidl_typesupport_fastrtps_c/camera_lite_interfaces/srv/detail/save__type_support_c.cpp.o[0m
[8.073s] [ 54%] [32m[1mLinking C shared library libcamera_lite_interfaces__rosidl_typesupport_introspection_c.so[0m
[8.100s] [ 58%] [32m[1mLinking CXX shared library libcamera_lite_interfaces__rosidl_typesupport_c.so[0m
[8.130s] [ 58%] Built target camera_lite_interfaces__rosidl_typesupport_introspection_c
[8.153s] [ 58%] Built target camera_lite_interfaces__rosidl_typesupport_c
[8.213s] [ 61%] [32m[1mLinking CXX shared library libcamera_lite_interfaces__rosidl_typesupport_cpp.so[0m
[8.269s] [ 61%] Built target camera_lite_interfaces__rosidl_typesupport_cpp
[8.357s] [ 64%] [32m[1mLinking CXX shared library libcamera_lite_interfaces__rosidl_typesupport_introspection_cpp.so[0m
[8.445s] [ 64%] Built target camera_lite_interfaces__rosidl_typesupport_introspection_cpp
[8.676s] [ 70%] [32m[1mLinking CXX shared library libcamera_lite_interfaces__rosidl_typesupport_fastrtps_cpp.so[0m
[8.676s] [ 70%] [32m[1mLinking CXX shared library libcamera_lite_interfaces__rosidl_typesupport_fastrtps_c.so[0m
[8.783s] [ 70%] Built target camera_lite_interfaces__rosidl_typesupport_fastrtps_cpp
[8.796s] [ 70%] Built target camera_lite_interfaces__rosidl_typesupport_fastrtps_c
[8.811s] [ 70%] Built target camera_lite_interfaces
[8.824s] [ 74%] [34m[1mGenerating Python code for ROS interfaces[0m
[10.563s] [ 74%] Built target camera_lite_interfaces__py
[10.574s] [ 77%] [32mBuilding C object CMakeFiles/camera_lite_interfaces__rosidl_generator_py.dir/rosidl_generator_py/camera_lite_interfaces/srv/_save_s.c.o[0m
[11.498s] [ 80%] [32m[1mLinking C shared library rosidl_generator_py/camera_lite_interfaces/libcamera_lite_interfaces__rosidl_generator_py.so[0m
[11.596s] [ 80%] Built target camera_lite_interfaces__rosidl_generator_py
[11.613s] [ 90%] [32mBuilding C object CMakeFiles/camera_lite_interfaces__rosidl_typesupport_c__pyext.dir/rosidl_generator_py/camera_lite_interfaces/_camera_lite_interfaces_s.ep.rosidl_typesupport_c.c.o[0m
[11.613s] [ 90%] [32mBuilding C object CMakeFiles/camera_lite_interfaces__rosidl_typesupport_fastrtps_c__pyext.dir/rosidl_generator_py/camera_lite_interfaces/_camera_lite_interfaces_s.ep.rosidl_typesupport_fastrtps_c.c.o[0m
[11.613s] [ 90%] [32mBuilding C object CMakeFiles/camera_lite_interfaces__rosidl_typesupport_introspection_c__pyext.dir/rosidl_generator_py/camera_lite_interfaces/_camera_lite_interfaces_s.ep.rosidl_typesupport_introspection_c.c.o[0m
[11.680s] [ 93%] [32m[1mLinking C shared library rosidl_generator_py/camera_lite_interfaces/camera_lite_interfaces_s__rosidl_typesupport_introspection_c.cpython-310-x86_64-linux-gnu.so[0m
[11.685s] [ 96%] [32m[1mLinking C shared library rosidl_generator_py/camera_lite_interfaces/camera_lite_interfaces_s__rosidl_typesupport_c.cpython-310-x86_64-linux-gnu.so[0m
[11.688s] [100%] [32m[1mLinking C shared library rosidl_generator_py/camera_lite_interfaces/camera_lite_interfaces_s__rosidl_typesupport_fastrtps_c.cpython-310-x86_64-linux-gnu.so[0m
[11.705s] [100%] Built target camera_lite_interfaces__rosidl_typesupport_introspection_c__pyext
[11.709s] [100%] Built target camera_lite_interfaces__rosidl_typesupport_c__pyext
[11.712s] [100%] Built target camera_lite_interfaces__rosidl_typesupport_fastrtps_c__pyext
[11.726s] Invoked command in '/home/walrus/Ultima/build/camera_lite_interfaces' returned '0': CMAKE_PREFIX_PATH=/opt/ros/humble /usr/bin/cmake --build /home/walrus/Ultima/build/camera_lite_interfaces -- -j8 -l8
[11.764s] Invoking command in '/home/walrus/Ultima/build/camera_lite_interfaces': CMAKE_PREFIX_PATH=/opt/ros/humble /usr/bin/cmake --install /home/walrus/Ultima/build/camera_lite_interfaces
[11.770s] -- Install configuration: ""
[11.770s] -- Installing: /home/walrus/Ultima/install/camera_lite_interfaces/share/ament_index/resource_index/rosidl_interfaces/camera_lite_interfaces
[11.770s] -- Installing: /home/walrus/Ultima/install/camera_lite_interfaces/include/camera_lite_interfaces/camera_lite_interfaces
[11.770s] -- Installing: /home/walrus/Ultima/install/camera_lite_interfaces/include/camera_lite_interfaces/camera_lite_interfaces/msg
[11.770s] -- Installing: /home/walrus/Ultima/install/camera_lite_interfaces/include/camera_lite_interfaces/camera_lite_interfaces/msg/rosidl_generator_c__visibility_control.h
[11.770s] -- Installing: /home/walrus/Ultima/install/camera_lite_interfaces/include/camera_lite_interfaces/camera_lite_interfaces/srv
[11.770s] -- Installing: /home/walrus/Ultima/install/camera_lite_interfaces/include/camera_lite_interfaces/camera_lite_interfaces/srv/detail
[11.770s] -- Installing: /home/walrus/Ultima/install/camera_lite_interfaces/include/camera_lite_interfaces/camera_lite_interfaces/srv/detail/save__functions.h
[11.770s] -- Installing: /home/walrus/Ultima/install/camera_lite_interfaces/include/camera_lite_interfaces/camera_lite_interfaces/srv/detail/save__struct.h
[11.770s] -- Installing: /home/walrus/Ultima/install/camera_lite_interfaces/include/camera_lite_interfaces/camera_lite_interfaces/srv/detail/save__type_support.h
[11.770s] -- Installing: /home/walrus/Ultima/install/camera_lite_interfaces/include/camera_lite_interfaces/camera_lite_interfaces/srv/detail/save__functions.c
[11.770s] -- Installing: /home/walrus/Ultima/install/camera_lite_interfaces/include/camera_lite_interfaces/camera_lite_interfaces/srv/save.h
[11.770s] -- Installing: /home/walrus/Ultima/install/camera_lite_interfaces/share/camera_lite_interfaces/environment/library_path.sh
[11.770s] -- Installing: /home/walrus/Ultima/install/camera_lite_interfaces/share/camera_lite_interfaces/environment/library_path.dsv
[11.770s] -- Installing: /home/walrus/Ultima/install/camera_lite_interfaces/lib/libcamera_lite_interfaces__rosidl_generator_c.so
[11.771s] -- Set runtime path of "/home/walrus/Ultima/install/camera_lite_interfaces/lib/libcamera_lite_interfaces__rosidl_generator_c.so" to ""
[11.771s] -- Up-to-date: /home/walrus/Ultima/install/camera_lite_interfaces/include/camera_lite_interfaces/camera_lite_interfaces
[11.771s] -- Up-to-date: /home/walrus/Ultima/install/camera_lite_interfaces/include/camera_lite_interfaces/camera_lite_interfaces/msg
[11.771s] -- Installing: /home/walrus/Ultima/install/camera_lite_interfaces/include/camera_lite_interfaces/camera_lite_interfaces/msg/rosidl_typesupport_fastrtps_c__visibility_control.h
[11.771s] -- Up-to-date: /home/walrus/Ultima/install/camera_lite_interfaces/include/camera_lite_interfaces/camera_lite_interfaces/srv
[11.771s] -- Up-to-date: /home/walrus/Ultima/install/camera_lite_interfaces/include/camera_lite_interfaces/camera_lite_interfaces/srv/detail
[11.771s] -- Installing: /home/walrus/Ultima/install/camera_lite_interfaces/include/camera_lite_interfaces/camera_lite_interfaces/srv/detail/save__rosidl_typesupport_fastrtps_c.h
[11.771s] -- Installing: /home/walrus/Ultima/install/camera_lite_interfaces/lib/libcamera_lite_interfaces__rosidl_typesupport_fastrtps_c.so
[11.771s] -- Set runtime path of "/home/walrus/Ultima/install/camera_lite_interfaces/lib/libcamera_lite_interfaces__rosidl_typesupport_fastrtps_c.so" to ""
[11.771s] -- Up-to-date: /home/walrus/Ultima/install/camera_lite_interfaces/include/camera_lite_interfaces/camera_lite_interfaces
[11.771s] -- Up-to-date: /home/walrus/Ultima/install/camera_lite_interfaces/include/camera_lite_interfaces/camera_lite_interfaces/msg
[11.771s] -- Installing: /home/walrus/Ultima/install/camera_lite_interfaces/include/camera_lite_interfaces/camera_lite_interfaces/msg/rosidl_typesupport_introspection_c__visibility_control.h
[11.771s] -- Up-to-date: /home/walrus/Ultima/install/camera_lite_interfaces/include/camera_lite_interfaces/camera_lite_interfaces/srv
[11.771s] -- Up-to-date: /home/walrus/Ultima/install/camera_lite_interfaces/include/camera_lite_interfaces/camera_lite_interfaces/srv/detail
[11.771s] -- Installing: /home/walrus/Ultima/install/camera_lite_interfaces/include/camera_lite_interfaces/camera_lite_interfaces/srv/detail/save__rosidl_typesupport_introspection_c.h
[11.771s] -- Installing: /home/walrus/Ultima/install/camera_lite_interfaces/include/camera_lite_interfaces/camera_lite_interfaces/srv/detail/save__type_support.c
[11.771s] -- Installing: /home/walrus/Ultima/install/camera_lite_interfaces/lib/libcamera_lite_interfaces__rosidl_typesupport_introspection_c.so
[11.771s] -- Set runtime path of "/home/walrus/Ultima/install/camera_lite_interfaces/lib/libcamera_lite_interfaces__rosidl_typesupport_introspection_c.so" to ""
[11.772s] -- Installing: /home/walrus/Ultima/install/camera_lite_interfaces/lib/libcamera_lite_interfaces__rosidl_typesupport_c.so
[11.772s] -- Set runtime path of "/home/walrus/Ultima/install/camera_lite_interfaces/lib/libcamera_lite_interfaces__rosidl_typesupport_c.so" to ""
[11.772s] -- Up-to-date: /home/walrus/Ultima/install/camera_lite_interfaces/include/camera_lite_interfaces/camera_lite_interfaces
[11.772s] -- Up-to-date: /home/walrus/Ultima/install/camera_lite_interfaces/include/camera_lite_interfaces/camera_lite_interfaces/srv
[11.772s] -- Up-to-date: /home/walrus/Ultima/install/camera_lite_interfaces/include/camera_lite_interfaces/camera_lite_interfaces/srv/detail
[11.772s] -- Installing: /home/walrus/Ultima/install/camera_lite_interfaces/include/camera_lite_interfaces/camera_lite_interfaces/srv/detail/save__struct.hpp
[11.772s] -- Installing: /home/walrus/Ultima/install/camera_lite_interfaces/include/camera_lite_interfaces/camera_lite_interfaces/srv/detail/save__traits.hpp
[11.772s] -- Installing: /home/walrus/Ultima/install/camera_lite_interfaces/include/camera_lite_interfaces/camera_lite_interfaces/srv/detail/save__builder.hpp
[11.772s] -- Installing: /home/walrus/Ultima/install/camera_lite_interfaces/include/camera_lite_interfaces/camera_lite_interfaces/srv/save.hpp
[11.772s] -- Up-to-date: /home/walrus/Ultima/install/camera_lite_interfaces/include/camera_lite_interfaces/camera_lite_interfaces
[11.772s] -- Up-to-date: /home/walrus/Ultima/install/camera_lite_interfaces/include/camera_lite_interfaces/camera_lite_interfaces/msg
[11.772s] -- Installing: /home/walrus/Ultima/install/camera_lite_interfaces/include/camera_lite_interfaces/camera_lite_interfaces/msg/rosidl_typesupport_fastrtps_cpp__visibility_control.h
[11.772s] -- Up-to-date: /home/walrus/Ultima/install/camera_lite_interfaces/include/camera_lite_interfaces/camera_lite_interfaces/srv
[11.772s] -- Up-to-date: /home/walrus/Ultima/install/camera_lite_interfaces/include/camera_lite_interfaces/camera_lite_interfaces/srv/detail
[11.772s] -- Installing: /home/walrus/Ultima/install/camera_lite_interfaces/include/camera_lite_interfaces/camera_lite_interfaces/srv/detail/save__rosidl_typesupport_fastrtps_cpp.hpp
[11.772s] -- Installing: /home/walrus/Ultima/install/camera_lite_interfaces/include/camera_lite_interfaces/camera_lite_interfaces/srv/detail/dds_fastrtps
[11.772s] -- Installing: /home/walrus/Ultima/install/camera_lite_interfaces/lib/libcamera_lite_interfaces__rosidl_typesupport_fastrtps_cpp.so
[11.772s] -- Set runtime path of "/home/walrus/Ultima/install/camera_lite_interfaces/lib/libcamera_lite_interfaces__rosidl_typesupport_fastrtps_cpp.so" to ""
[11.773s] -- Up-to-date: /home/walrus/Ultima/install/camera_lite_interfaces/include/camera_lite_interfaces/camera_lite_interfaces
[11.773s] -- Up-to-date: /home/walrus/Ultima/install/camera_lite_interfaces/include/camera_lite_interfaces/camera_lite_interfaces/srv
[11.773s] -- Up-to-date: /home/walrus/Ultima/install/camera_lite_interfaces/include/camera_lite_interfaces/camera_lite_interfaces/srv/detail
[11.773s] -- Installing: /home/walrus/Ultima/install/camera_lite_interfaces/include/camera_lite_interfaces/camera_lite_interfaces/srv/detail/save__type_support.cpp
[11.773s] -- Installing: /home/walrus/Ultima/install/camera_lite_interfaces/include/camera_lite_interfaces/camera_lite_interfaces/srv/detail/save__rosidl_typesupport_introspection_cpp.hpp
[11.773s] -- Installing: /home/walrus/Ultima/install/camera_lite_interfaces/lib/libcamera_lite_interfaces__rosidl_typesupport_introspection_cpp.so
[11.773s] -- Set runtime path of "/home/walrus/Ultima/install/camera_lite_interfaces/lib/libcamera_lite_interfaces__rosidl_typesupport_introspection_cpp.so" to ""
[11.773s] -- Installing: /home/walrus/Ultima/install/camera_lite_interfaces/lib/libcamera_lite_interfaces__rosidl_typesupport_cpp.so
[11.773s] -- Set runtime path of "/home/walrus/Ultima/install/camera_lite_interfaces/lib/libcamera_lite_interfaces__rosidl_typesupport_cpp.so" to ""
[11.773s] -- Installing: /home/walrus/Ultima/install/camera_lite_interfaces/share/camera_lite_interfaces/environment/pythonpath.sh
[11.773s] -- Installing: /home/walrus/Ultima/install/camera_lite_interfaces/share/camera_lite_interfaces/environment/pythonpath.dsv
[11.773s] -- Installing: /home/walrus/Ultima/install/camera_lite_interfaces/local/lib/python3.10/dist-packages/camera_lite_interfaces-1.0.0-py3.10.egg-info
[11.773s] -- Installing: /home/walrus/Ultima/install/camera_lite_interfaces/local/lib/python3.10/dist-packages/camera_lite_interfaces-1.0.0-py3.10.egg-info/dependency_links.txt
[11.773s] -- Installing: /home/walrus/Ultima/install/camera_lite_interfaces/local/lib/python3.10/dist-packages/camera_lite_interfaces-1.0.0-py3.10.egg-info/top_level.txt
[11.774s] -- Installing: /home/walrus/Ultima/install/camera_lite_interfaces/local/lib/python3.10/dist-packages/camera_lite_interfaces-1.0.0-py3.10.egg-info/PKG-INFO
[11.774s] -- Installing: /home/walrus/Ultima/install/camera_lite_interfaces/local/lib/python3.10/dist-packages/camera_lite_interfaces-1.0.0-py3.10.egg-info/SOURCES.txt
[11.774s] -- Installing: /home/walrus/Ultima/install/camera_lite_interfaces/local/lib/python3.10/dist-packages/camera_lite_interfaces
[11.774s] -- Installing: /home/walrus/Ultima/install/camera_lite_interfaces/local/lib/python3.10/dist-packages/camera_lite_interfaces/_camera_lite_interfaces_s.ep.rosidl_typesupport_c.c
[11.774s] -- Installing: /home/walrus/Ultima/install/camera_lite_interfaces/local/lib/python3.10/dist-packages/camera_lite_interfaces/_camera_lite_interfaces_s.ep.rosidl_typesupport_fastrtps_c.c
[11.774s] -- Installing: /home/walrus/Ultima/install/camera_lite_interfaces/local/lib/python3.10/dist-packages/camera_lite_interfaces/camera_lite_interfaces_s__rosidl_typesupport_c.cpython-310-x86_64-linux-gnu.so
[11.774s] -- Installing: /home/walrus/Ultima/install/camera_lite_interfaces/local/lib/python3.10/dist-packages/camera_lite_interfaces/libcamera_lite_interfaces__rosidl_generator_py.so
[11.774s] -- Installing: /home/walrus/Ultima/install/camera_lite_interfaces/local/lib/python3.10/dist-packages/camera_lite_interfaces/camera_lite_interfaces_s__rosidl_typesupport_introspection_c.cpython-310-x86_64-linux-gnu.so
[11.774s] -- Installing: /home/walrus/Ultima/install/camera_lite_interfaces/local/lib/python3.10/dist-packages/camera_lite_interfaces/srv
[11.774s] -- Installing: /home/walrus/Ultima/install/camera_lite_interfaces/local/lib/python3.10/dist-packages/camera_lite_interfaces/srv/_save.py
[11.774s] -- Installing: /home/walrus/Ultima/install/camera_lite_interfaces/local/lib/python3.10/dist-packages/camera_lite_interfaces/srv/__init__.py
[11.774s] -- Installing: /home/walrus/Ultima/install/camera_lite_interfaces/local/lib/python3.10/dist-packages/camera_lite_interfaces/srv/_save_s.c
[11.774s] -- Installing: /home/walrus/Ultima/install/camera_lite_interfaces/local/lib/python3.10/dist-packages/camera_lite_interfaces/camera_lite_interfaces_s__rosidl_typesupport_fastrtps_c.cpython-310-x86_64-linux-gnu.so
[11.775s] -- Installing: /home/walrus/Ultima/install/camera_lite_interfaces/local/lib/python3.10/dist-packages/camera_lite_interfaces/__init__.py
[11.775s] -- Installing: /home/walrus/Ultima/install/camera_lite_interfaces/local/lib/python3.10/dist-packages/camera_lite_interfaces/_camera_lite_interfaces_s.ep.rosidl_typesupport_introspection_c.c
[11.801s] Listing '/home/walrus/Ultima/install/camera_lite_interfaces/local/lib/python3.10/dist-packages/camera_lite_interfaces'...
[11.801s] Compiling '/home/walrus/Ultima/install/camera_lite_interfaces/local/lib/python3.10/dist-packages/camera_lite_interfaces/__init__.py'...
[11.801s] Listing '/home/walrus/Ultima/install/camera_lite_interfaces/local/lib/python3.10/dist-packages/camera_lite_interfaces/srv'...
[11.801s] Compiling '/home/walrus/Ultima/install/camera_lite_interfaces/local/lib/python3.10/dist-packages/camera_lite_interfaces/srv/__init__.py'...
[11.801s] Compiling '/home/walrus/Ultima/install/camera_lite_interfaces/local/lib/python3.10/dist-packages/camera_lite_interfaces/srv/_save.py'...
[11.804s] -- Installing: /home/walrus/Ultima/install/camera_lite_interfaces/local/lib/python3.10/dist-packages/camera_lite_interfaces/camera_lite_interfaces_s__rosidl_typesupport_fastrtps_c.cpython-310-x86_64-linux-gnu.so
[11.804s] -- Set runtime path of "/home/walrus/Ultima/install/camera_lite_interfaces/local/lib/python3.10/dist-packages/camera_lite_interfaces/camera_lite_interfaces_s__rosidl_typesupport_fastrtps_c.cpython-310-x86_64-linux-gnu.so" to ""
[11.804s] -- Installing: /home/walrus/Ultima/install/camera_lite_interfaces/local/lib/python3.10/dist-packages/camera_lite_interfaces/camera_lite_interfaces_s__rosidl_typesupport_introspection_c.cpython-310-x86_64-linux-gnu.so
[11.804s] -- Set runtime path of "/home/walrus/Ultima/install/camera_lite_interfaces/local/lib/python3.10/dist-packages/camera_lite_interfaces/camera_lite_interfaces_s__rosidl_typesupport_introspection_c.cpython-310-x86_64-linux-gnu.so" to ""
[11.805s] -- Installing: /home/walrus/Ultima/install/camera_lite_interfaces/local/lib/python3.10/dist-packages/camera_lite_interfaces/camera_lite_interfaces_s__rosidl_typesupport_c.cpython-310-x86_64-linux-gnu.so
[11.805s] -- Set runtime path of "/home/walrus/Ultima/install/camera_lite_interfaces/local/lib/python3.10/dist-packages/camera_lite_interfaces/camera_lite_interfaces_s__rosidl_typesupport_c.cpython-310-x86_64-linux-gnu.so" to ""
[11.805s] -- Installing: /home/walrus/Ultima/install/camera_lite_interfaces/lib/libcamera_lite_interfaces__rosidl_generator_py.so
[11.805s] -- Set runtime path of "/home/walrus/Ultima/install/camera_lite_interfaces/lib/libcamera_lite_interfaces__rosidl_generator_py.so" to ""
[11.805s] -- Installing: /home/walrus/Ultima/install/camera_lite_interfaces/share/camera_lite_interfaces/srv/Save.idl
[11.805s] -- Installing: /home/walrus/Ultima/install/camera_lite_interfaces/share/camera_lite_interfaces/srv/Save.srv
[11.805s] -- Installing: /home/walrus/Ultima/install/camera_lite_interfaces/share/camera_lite_interfaces/srv/Save_Request.msg
[11.805s] -- Installing: /home/walrus/Ultima/install/camera_lite_interfaces/share/camera_lite_interfaces/srv/Save_Response.msg
[11.805s] -- Installing: /home/walrus/Ultima/install/camera_lite_interfaces/share/ament_index/resource_index/package_run_dependencies/camera_lite_interfaces
[11.805s] -- Installing: /home/walrus/Ultima/install/camera_lite_interfaces/share/ament_index/resource_index/parent_prefix_path/camera_lite_interfaces
[11.805s] -- Installing: /home/walrus/Ultima/install/camera_lite_interfaces/share/camera_lite_interfaces/environment/ament_prefix_path.sh
[11.806s] -- Installing: /home/walrus/Ultima/install/camera_lite_interfaces/share/camera_lite_interfaces/environment/ament_prefix_path.dsv
[11.806s] -- Installing: /home/walrus/Ultima/install/camera_lite_interfaces/share/camera_lite_interfaces/environment/path.sh
[11.806s] -- Installing: /home/walrus/Ultima/install/camera_lite_interfaces/share/camera_lite_interfaces/environment/path.dsv
[11.806s] -- Installing: /home/walrus/Ultima/install/camera_lite_interfaces/share/camera_lite_interfaces/local_setup.bash
[11.806s] -- Installing: /home/walrus/Ultima/install/camera_lite_interfaces/share/camera_lite_interfaces/local_setup.sh
[11.806s] -- Installing: /home/walrus/Ultima/install/camera_lite_interfaces/share/camera_lite_interfaces/local_setup.zsh
[11.806s] -- Installing: /home/walrus/Ultima/install/camera_lite_interfaces/share/camera_lite_interfaces/local_setup.dsv
[11.806s] -- Installing: /home/walrus/Ultima/install/camera_lite_interfaces/share/camera_lite_interfaces/package.dsv
[11.806s] -- Installing: /home/walrus/Ultima/install/camera_lite_interfaces/share/ament_index/resource_index/packages/camera_lite_interfaces
[11.806s] -- Installing: /home/walrus/Ultima/install/camera_lite_interfaces/share/camera_lite_interfaces/cmake/export_camera_lite_interfaces__rosidl_generator_cExport.cmake
[11.806s] -- Installing: /home/walrus/Ultima/install/camera_lite_interfaces/share/camera_lite_interfaces/cmake/export_camera_lite_interfaces__rosidl_generator_cExport-noconfig.cmake
[11.806s] -- Installing: /home/walrus/Ultima/install/camera_lite_interfaces/share/camera_lite_interfaces/cmake/export_camera_lite_interfaces__rosidl_typesupport_fastrtps_cExport.cmake
[11.806s] -- Installing: /home/walrus/Ultima/install/camera_lite_interfaces/share/camera_lite_interfaces/cmake/export_camera_lite_interfaces__rosidl_typesupport_fastrtps_cExport-noconfig.cmake
[11.807s] -- Installing: /home/walrus/Ultima/install/camera_lite_interfaces/share/camera_lite_interfaces/cmake/camera_lite_interfaces__rosidl_typesupport_introspection_cExport.cmake
[11.807s] -- Installing: /home/walrus/Ultima/install/camera_lite_interfaces/share/camera_lite_interfaces/cmake/camera_lite_interfaces__rosidl_typesupport_introspection_cExport-noconfig.cmake
[11.807s] -- Installing: /home/walrus/Ultima/install/camera_lite_interfaces/share/camera_lite_interfaces/cmake/camera_lite_interfaces__rosidl_typesupport_cExport.cmake
[11.807s] -- Installing: /home/walrus/Ultima/install/camera_lite_interfaces/share/camera_lite_interfaces/cmake/camera_lite_interfaces__rosidl_typesupport_cExport-noconfig.cmake
[11.807s] -- Installing: /home/walrus/Ultima/install/camera_lite_interfaces/share/camera_lite_interfaces/cmake/export_camera_lite_interfaces__rosidl_generator_cppExport.cmake
[11.807s] -- Installing: /home/walrus/Ultima/install/camera_lite_interfaces/share/camera_lite_interfaces/cmake/export_camera_lite_interfaces__rosidl_typesupport_fastrtps_cppExport.cmake
[11.807s] -- Installing: /home/walrus/Ultima/install/camera_lite_interfaces/share/camera_lite_interfaces/cmake/export_camera_lite_interfaces__rosidl_typesupport_fastrtps_cppExport-noconfig.cmake
[11.807s] -- Installing: /home/walrus/Ultima/install/camera_lite_interfaces/share/camera_lite_interfaces/cmake/camera_lite_interfaces__rosidl_typesupport_introspection_cppExport.cmake
[11.807s] -- Installing: /home/walrus/Ultima/install/camera_lite_interfaces/share/camera_lite_interfaces/cmake/camera_lite_interfaces__rosidl_typesupport_introspection_cppExport-noconfig.cmake
[11.807s] -- Installing: /home/walrus/Ultima/install/camera_lite_interfaces/share/camera_lite_interfaces/cmake/camera_lite_interfaces__rosidl_typesupport_cppExport.cmake
[11.807s] -- Installing: /home/walrus/Ultima/install/camera_lite_interfaces/share/camera_lite_interfaces/cmake/camera_lite_interfaces__rosidl_typesupport_cppExport-noconfig.cmake
[11.807s] -- Installing: /home/walrus/Ultima/install/camera_lite_interfaces/share/camera_lite_interfaces/cmake/export_camera_lite_interfaces__rosidl_generator_pyExport.cmake
[11.807s] -- Installing: /home/walrus/Ultima/install/camera_lite_interfaces/share/camera_lite_interfaces/cmake/export_camera_lite_interfaces__rosidl_generator_pyExport-noconfig.cmake
[11.807s] -- Installing: /home/walrus/Ultima/install/camera_lite_interfaces/share/camera_lite_interfaces/cmake/rosidl_cmake-extras.cmake
[11.808s] -- Installing: /home/walrus/Ultima/install/camera_lite_interfaces/share/camera_lite_interfaces/cmake/ament_cmake_export_dependencies-extras.cmake
[11.808s] -- Installing: /home/walrus/Ultima/install/camera_lite_interfaces/share/camera_lite_interfaces/cmake/ament_cmake_export_include_directories-extras.cmake
[11.808s] -- Installing: /home/walrus/Ultima/install/camera_lite_interfaces/share/camera_lite_interfaces/cmake/ament_cmake_export_libraries-extras.cmake
[11.808s] -- Installing: /home/walrus/Ultima/install/camera_lite_interfaces/share/camera_lite_interfaces/cmake/ament_cmake_export_targets-extras.cmake
[11.808s] -- Installing: /home/walrus/Ultima/install/camera_lite_interfaces/share/camera_lite_interfaces/cmake/rosidl_cmake_export_typesupport_targets-extras.cmake
[11.808s] -- Installing: /home/walrus/Ultima/install/camera_lite_interfaces/share/camera_lite_interfaces/cmake/rosidl_cmake_export_typesupport_libraries-extras.cmake
[11.808s] -- Installing: /home/walrus/Ultima/install/camera_lite_interfaces/share/camera_lite_interfaces/cmake/camera_lite_interfacesConfig.cmake
[11.808s] -- Installing: /home/walrus/Ultima/install/camera_lite_interfaces/share/camera_lite_interfaces/cmake/camera_lite_interfacesConfig-version.cmake
[11.808s] -- Installing: /home/walrus/Ultima/install/camera_lite_interfaces/share/camera_lite_interfaces/package.xml
[11.810s] Invoked command in '/home/walrus/Ultima/build/camera_lite_interfaces' returned '0': CMAKE_PREFIX_PATH=/opt/ros/humble /usr/bin/cmake --install /home/walrus/Ultima/build/camera_lite_interfaces
